<?xml version="1.0" encoding="UTF-8"?>
<testsuite xmlns:xsi="http://www.w3.org/2001/XMLSchema-instance" xsi:noNamespaceSchemaLocation="https://maven.apache.org/surefire/maven-surefire-plugin/xsd/surefire-test-report-3.0.xsd" version="3.0" name="com.flow.engine.service.FormPermissionApiTest" time="2.994" tests="7" errors="0" skipped="0" failures="0">
  <properties>
[...]
</properties>
  <testcase name="testNodeEditPermission" classname="com.flow.engine.service.FormPermissionApiTest" time="0.029">
    <system-out><![CDATA[2026-07-20T10:16:01.701+08:00  INFO 34340 --- [flow-engine] [           main] t.c.s.AnnotationConfigContextLoaderUtils : Could not detect default configuration classes for test class [com.flow.engine.service.FormPermissionApiTest]: FormPermissionApiTest does not declare any static, non-private, non-final, nested classes annotated with @Configuration.
2026-07-20T10:16:01.702+08:00  INFO 34340 --- [flow-engine] [           main] .b.t.c.SpringBootTestContextBootstrapper : Found @SpringBootConfiguration com.flow.engine.FlowEngineApplication for test class com.flow.engine.service.FormPermissionApiTest
2026-07-20T10:16:01.707+08:00  INFO 34340 --- [flow-engine] [           main] com.zaxxer.hikari.HikariDataSource       : HikariPool-6 - Shutdown initiated...
2026-07-20T10:16:01.709+08:00  INFO 34340 --- [flow-engine] [           main] com.zaxxer.hikari.HikariDataSource       : HikariPool-6 - Shutdown completed.

  .   ____          _            __ _ _
 /\\ / ___'_ __ _ _(_)_ __  __ _ \ \ \ \
( ( )\___ | '_ | '_| | '_ \/ _` | \ \ \ \
 \\/  ___)| |_)| | | | | || (_| |  ) ) ) )
  '  |____| .__|_| |_|_| |_\__, | / / / /
 =========|_|==============|___/=/_/_/_/
 :: Spring Boot ::                (v3.2.0)

2026-07-20T10:16:01.753+08:00  INFO 34340 --- [flow-engine] [           main] c.f.e.service.FormPermissionApiTest      : Starting FormPermissionApiTest using Java 17.0.12 with PID 34340 (started by wb_liming in D:\source_code\workflow\flow-engine)
2026-07-20T10:16:01.753+08:00  INFO 34340 --- [flow-engine] [           main] c.f.e.service.FormPermissionApiTest      : The following 1 profile is active: "test"
2026-07-20T10:16:02.440+08:00  INFO 34340 --- [flow-engine] [           main] com.zaxxer.hikari.HikariDataSource       : HikariPool-7 - Starting...
2026-07-20T10:16:02.441+08:00  INFO 34340 --- [flow-engine] [           main] com.zaxxer.hikari.pool.HikariPool        : HikariPool-7 - Added connection org.sqlite.jdbc4.JDBC4Connection@d67e891
2026-07-20T10:16:02.441+08:00  INFO 34340 --- [flow-engine] [           main] com.zaxxer.hikari.HikariDataSource       : HikariPool-7 - Start completed.
 _ _   |_  _ _|_. ___ _ |    _ 
| | |\/|_)(_| | |_\  |_)||_|_\ 
     /               |         
                        3.5.5 
2026-07-20T10:16:03.577+08:00  INFO 34340 --- [flow-engine] [           main] c.f.e.node.NodeHandlerAutoConfiguration  : [NodeHandler] 自动注册节点处理器: type=dummy, class=com.flow.engine.node.DummyNodeHandler
2026-07-20T10:16:03.577+08:00  INFO 34340 --- [flow-engine] [           main] c.f.e.node.NodeHandlerAutoConfiguration  : [NodeHandler] 自动注册节点处理器: type=customDemo, class=com.flow.engine.node.impl.CustomDemoNodeHandler
2026-07-20T10:16:03.577+08:00  INFO 34340 --- [flow-engine] [           main] c.f.e.node.NodeHandlerAutoConfiguration  : [NodeHandler] 自动注册节点处理器: type=end, class=com.flow.engine.node.impl.EndNodeHandler
2026-07-20T10:16:03.577+08:00  INFO 34340 --- [flow-engine] [           main] c.f.e.node.NodeHandlerAutoConfiguration  : [NodeHandler] 自动注册节点处理器: type=exclusiveGateway, class=com.flow.engine.node.impl.ExclusiveGatewayNodeHandler
2026-07-20T10:16:03.577+08:00  INFO 34340 --- [flow-engine] [           main] c.f.e.node.NodeHandlerAutoConfiguration  : [NodeHandler] 自动注册节点处理器: type=inclusiveGateway, class=com.flow.engine.node.impl.InclusiveGatewayNodeHandler
2026-07-20T10:16:03.577+08:00  INFO 34340 --- [flow-engine] [           main] c.f.e.node.NodeHandlerAutoConfiguration  : [NodeHandler] 自动注册节点处理器: type=parallelGateway, class=com.flow.engine.node.impl.ParallelGatewayNodeHandler
2026-07-20T10:16:03.577+08:00  INFO 34340 --- [flow-engine] [           main] c.f.e.node.NodeHandlerAutoConfiguration  : [NodeHandler] 自动注册节点处理器: type=scriptTask, class=com.flow.engine.node.impl.ScriptTaskNodeHandler
2026-07-20T10:16:03.577+08:00  INFO 34340 --- [flow-engine] [           main] c.f.e.node.NodeHandlerAutoConfiguration  : [NodeHandler] 自动注册节点处理器: type=serviceTask, class=com.flow.engine.node.impl.ServiceTaskNodeHandler
2026-07-20T10:16:03.577+08:00  INFO 34340 --- [flow-engine] [           main] c.f.e.node.NodeHandlerAutoConfiguration  : [NodeHandler] 自动注册节点处理器: type=start, class=com.flow.engine.node.impl.StartNodeHandler
2026-07-20T10:16:03.577+08:00  INFO 34340 --- [flow-engine] [           main] c.f.e.node.NodeHandlerAutoConfiguration  : [NodeHandler] 自动注册节点处理器: type=subProcess, class=com.flow.engine.node.impl.SubProcessNodeHandler
2026-07-20T10:16:03.577+08:00  INFO 34340 --- [flow-engine] [           main] c.f.e.node.NodeHandlerAutoConfiguration  : [NodeHandler] 自动注册节点处理器: type=userTask, class=com.flow.engine.node.impl.UserTaskNodeHandler
2026-07-20T10:16:04.296+08:00  INFO 34340 --- [flow-engine] [           main] o.s.b.a.e.web.EndpointLinksResolver      : Exposing 2 endpoint(s) beneath base path '/actuator'
2026-07-20T10:16:04.355+08:00  INFO 34340 --- [flow-engine] [           main] c.f.e.service.FormPermissionApiTest      : Started FormPermissionApiTest in 2.641 seconds (process running for 52.006)
2026-07-20T10:16:04.356+08:00  INFO 34340 --- [flow-engine] [           main] c.f.engine.config.DictDataInitializer    : [DictDataInitializer] 开始初始化系统内置字典数据...
2026-07-20T10:16:04.409+08:00  INFO 34340 --- [flow-engine] [           main] c.f.engine.config.DictDataInitializer    : [DictDataInitializer] 系统内置字典数据初始化完成
2026-07-20T10:16:04.409+08:00  INFO 34340 --- [flow-engine] [           main] c.f.e.config.TripleAdminInitializer      : [TripleAdminInitializer] 开始初始化三员账号...
2026-07-20T10:16:04.409+08:00  INFO 34340 --- [flow-engine] [           main] c.f.engine.service.TripleAdminService    : [TripleAdminService] 开始初始化三员账号...
2026-07-20T10:16:04.410+08:00  INFO 34340 --- [flow-engine] [           main] c.f.engine.service.TripleAdminService    : [TripleAdminService] 创建三员角色: 系统管理员
2026-07-20T10:16:04.411+08:00  INFO 34340 --- [flow-engine] [           main] c.f.engine.service.TripleAdminService    : [TripleAdminService] 创建三员角色: 安全管理员
2026-07-20T10:16:04.412+08:00  INFO 34340 --- [flow-engine] [           main] c.f.engine.service.TripleAdminService    : [TripleAdminService] 创建三员角色: 审计管理员
2026-07-20T10:16:04.415+08:00  INFO 34340 --- [flow-engine] [           main] c.f.engine.service.TripleAdminService    : [TripleAdminService] 创建三员账号: username=sys_admin, type=系统管理员
2026-07-20T10:16:04.421+08:00  INFO 34340 --- [flow-engine] [           main] c.f.engine.service.TripleAdminService    : [TripleAdminService] 创建三员账号: username=sec_admin, type=安全管理员
2026-07-20T10:16:04.424+08:00  INFO 34340 --- [flow-engine] [           main] c.f.engine.service.TripleAdminService    : [TripleAdminService] 创建三员账号: username=audit_admin, type=审计管理员
2026-07-20T10:16:04.424+08:00  INFO 34340 --- [flow-engine] [           main] c.f.engine.service.TripleAdminService    : [TripleAdminService] 三员账号初始化完成
2026-07-20T10:16:04.424+08:00  INFO 34340 --- [flow-engine] [           main] c.f.e.config.TripleAdminInitializer      : [TripleAdminInitializer] 三员账号初始化完成
2026-07-20T10:16:04.436+08:00  INFO 34340 --- [flow-engine] [           main] c.f.e.listener.DataModelProcessListener  : [DataModel] 流程启动事件: instanceId=1, processKey=perm_test
2026-07-20T10:16:04.438+08:00  INFO 34340 --- [flow-engine] [           main] com.flow.engine.engine.NodeExecutor      : [NodeExecutor] 执行节点: id=start, type=start, name=开始
2026-07-20T10:16:04.439+08:00  INFO 34340 --- [flow-engine] [           main] c.f.engine.node.impl.StartNodeHandler    : [StartNode] 流程实例 1 进入开始节点
2026-07-20T10:16:04.439+08:00  INFO 34340 --- [flow-engine] [           main] c.f.engine.node.impl.StartNodeHandler    : [StartNode] 流程实例 1 离开开始节点
2026-07-20T10:16:04.440+08:00  INFO 34340 --- [flow-engine] [           main] com.flow.engine.engine.NodeExecutor      : [NodeExecutor] 执行节点: id=task1, type=userTask, name=第一审批
2026-07-20T10:16:04.441+08:00  INFO 34340 --- [flow-engine] [           main] c.f.e.node.impl.UserTaskNodeHandler      : [UserTaskNodeHandler] userTask 节点进入: instanceId=1, nodeId=task1, assignee=user1, candidates=null
2026-07-20T10:16:04.441+08:00  INFO 34340 --- [flow-engine] [           main] com.flow.engine.service.TaskService      : [TaskService] 创建任务: id=1, node=task1, assignee=user1
2026-07-20T10:16:04.444+08:00  INFO 34340 --- [flow-engine] [           main] com.flow.engine.engine.FlowEngine        : [FlowEngine] 流程实例 1 等待在节点 task1
]]></system-out>
  </testcase>
  <testcase name="testNodeReadonlyPermission" classname="com.flow.engine.service.FormPermissionApiTest" time="0.067">
    <system-out><![CDATA[2026-07-20T10:16:04.460+08:00  INFO 34340 --- [flow-engine] [           main] c.f.e.listener.DataModelProcessListener  : [DataModel] 流程启动事件: instanceId=2, processKey=perm_test
2026-07-20T10:16:04.468+08:00  INFO 34340 --- [flow-engine] [           main] com.flow.engine.engine.NodeExecutor      : [NodeExecutor] 执行节点: id=start, type=start, name=开始
2026-07-20T10:16:04.469+08:00  INFO 34340 --- [flow-engine] [           main] c.f.engine.node.impl.StartNodeHandler    : [StartNode] 流程实例 2 进入开始节点
2026-07-20T10:16:04.469+08:00  INFO 34340 --- [flow-engine] [           main] c.f.engine.node.impl.StartNodeHandler    : [StartNode] 流程实例 2 离开开始节点
2026-07-20T10:16:04.477+08:00  INFO 34340 --- [flow-engine] [           main] com.flow.engine.engine.NodeExecutor      : [NodeExecutor] 执行节点: id=task1, type=userTask, name=第一审批
2026-07-20T10:16:04.479+08:00  INFO 34340 --- [flow-engine] [           main] c.f.e.node.impl.UserTaskNodeHandler      : [UserTaskNodeHandler] userTask 节点进入: instanceId=2, nodeId=task1, assignee=user1, candidates=null
2026-07-20T10:16:04.480+08:00  INFO 34340 --- [flow-engine] [           main] com.flow.engine.service.TaskService      : [TaskService] 创建任务: id=2, node=task1, assignee=user1
2026-07-20T10:16:04.481+08:00  INFO 34340 --- [flow-engine] [           main] com.flow.engine.engine.FlowEngine        : [FlowEngine] 流程实例 2 等待在节点 task1
2026-07-20T10:16:04.494+08:00  INFO 34340 --- [flow-engine] [           main] com.flow.engine.engine.NodeExecutor      : [NodeExecutor] 执行节点: id=task2, type=userTask, name=第二审批
2026-07-20T10:16:04.495+08:00  INFO 34340 --- [flow-engine] [           main] c.f.e.node.impl.UserTaskNodeHandler      : [UserTaskNodeHandler] userTask 节点进入: instanceId=2, nodeId=task2, assignee=user2, candidates=null
2026-07-20T10:16:04.497+08:00  INFO 34340 --- [flow-engine] [           main] com.flow.engine.service.TaskService      : [TaskService] 创建任务: id=3, node=task2, assignee=user2
2026-07-20T10:16:04.499+08:00  INFO 34340 --- [flow-engine] [           main] com.flow.engine.engine.FlowEngine        : [FlowEngine] 流程实例 2 等待在节点 task2
2026-07-20T10:16:04.499+08:00  INFO 34340 --- [flow-engine] [           main] com.flow.engine.service.TaskService      : [TaskService] 任务 2 被 user1 通过
2026-07-20T10:16:04.510+08:00  WARN 34340 --- [flow-engine] [           main] c.f.engine.service.PermissionCalculator  : 条件表达式求值失败: amount > 1000, 使用默认权限

com.flow.engine.common.exception.FlowException: EL 表达式求值失败 [amount > 1000]: EL1008E: Property or field 'amount' cannot be found on object of type 'java.util.HashMap' - maybe not public or not valid?
	at com.flow.engine.common.utils.ExpressionUtils.eval(ExpressionUtils.java:68) ~[classes/:na]
	at com.flow.engine.common.utils.ExpressionUtils.evalBoolean(ExpressionUtils.java:46) ~[classes/:na]
	at com.flow.engine.service.PermissionCalculator.evaluateCondition(PermissionCalculator.java:151) ~[classes/:na]
	at com.flow.engine.service.PermissionCalculator.calculateFieldPermissions(PermissionCalculator.java:196) ~[classes/:na]
	at com.flow.engine.service.PermissionCalculator.calculatePermissions(PermissionCalculator.java:74) ~[classes/:na]
	at com.flow.engine.service.FormPermissionService.calculateWithInheritance(FormPermissionService.java:100) ~[classes/:na]
	at com.flow.engine.service.FormPermissionService.getFormPermissions(FormPermissionService.java:80) ~[classes/:na]
	at com.flow.engine.service.FormPermissionApiTest.testNodeReadonlyPermission(FormPermissionApiTest.java:142) ~[test-classes/:na]
	at java.base/jdk.internal.reflect.NativeMethodAccessorImpl.invoke0(Native Method) ~[na:na]
	at java.base/jdk.internal.reflect.NativeMethodAccessorImpl.invoke(NativeMethodAccessorImpl.java:77) ~[na:na]
	at java.base/jdk.internal.reflect.DelegatingMethodAccessorImpl.invoke(DelegatingMethodAccessorImpl.java:43) ~[na:na]
	at java.base/java.lang.reflect.Method.invoke(Method.java:568) ~[na:na]
	at org.junit.platform.commons.util.ReflectionUtils.invokeMethod(ReflectionUtils.java:728) ~[junit-platform-commons-1.10.1.jar:1.10.1]
	at org.junit.jupiter.engine.execution.MethodInvocation.proceed(MethodInvocation.java:60) ~[junit-jupiter-engine-5.10.1.jar:5.10.1]
	at org.junit.jupiter.engine.execution.InvocationInterceptorChain$ValidatingInvocation.proceed(InvocationInterceptorChain.java:131) ~[junit-jupiter-engine-5.10.1.jar:5.10.1]
	at org.junit.jupiter.engine.extension.TimeoutExtension.intercept(TimeoutExtension.java:156) ~[junit-jupiter-engine-5.10.1.jar:5.10.1]
	at org.junit.jupiter.engine.extension.TimeoutExtension.interceptTestableMethod(TimeoutExtension.java:147) ~[junit-jupiter-engine-5.10.1.jar:5.10.1]
	at org.junit.jupiter.engine.extension.TimeoutExtension.interceptTestMethod(TimeoutExtension.java:86) ~[junit-jupiter-engine-5.10.1.jar:5.10.1]
	at org.junit.jupiter.engine.execution.InterceptingExecutableInvoker$ReflectiveInterceptorCall.lambda$ofVoidMethod$0(InterceptingExecutableInvoker.java:103) ~[junit-jupiter-engine-5.10.1.jar:5.10.1]
	at org.junit.jupiter.engine.execution.InterceptingExecutableInvoker.lambda$invoke$0(InterceptingExecutableInvoker.java:93) ~[junit-jupiter-engine-5.10.1.jar:5.10.1]
	at org.junit.jupiter.engine.execution.InvocationInterceptorChain$InterceptedInvocation.proceed(InvocationInterceptorChain.java:106) ~[junit-jupiter-engine-5.10.1.jar:5.10.1]
	at org.junit.jupiter.engine.execution.InvocationInterceptorChain.proceed(InvocationInterceptorChain.java:64) ~[junit-jupiter-engine-5.10.1.jar:5.10.1]
	at org.junit.jupiter.engine.execution.InvocationInterceptorChain.chainAndInvoke(InvocationInterceptorChain.java:45) ~[junit-jupiter-engine-5.10.1.jar:5.10.1]
	at org.junit.jupiter.engine.execution.InvocationInterceptorChain.invoke(InvocationInterceptorChain.java:37) ~[junit-jupiter-engine-5.10.1.jar:5.10.1]
	at org.junit.jupiter.engine.execution.InterceptingExecutableInvoker.invoke(InterceptingExecutableInvoker.java:92) ~[junit-jupiter-engine-5.10.1.jar:5.10.1]
	at org.junit.jupiter.engine.execution.InterceptingExecutableInvoker.invoke(InterceptingExecutableInvoker.java:86) ~[junit-jupiter-engine-5.10.1.jar:5.10.1]
	at org.junit.jupiter.engine.descriptor.TestMethodTestDescriptor.lambda$invokeTestMethod$7(TestMethodTestDescriptor.java:218) ~[junit-jupiter-engine-5.10.1.jar:5.10.1]
	at org.junit.platform.engine.support.hierarchical.ThrowableCollector.execute(ThrowableCollector.java:73) ~[junit-platform-engine-1.10.1.jar:1.10.1]
	at org.junit.jupiter.engine.descriptor.TestMethodTestDescriptor.invokeTestMethod(TestMethodTestDescriptor.java:214) ~[junit-jupiter-engine-5.10.1.jar:5.10.1]
	at org.junit.jupiter.engine.descriptor.TestMethodTestDescriptor.execute(TestMethodTestDescriptor.java:139) ~[junit-jupiter-engine-5.10.1.jar:5.10.1]
	at org.junit.jupiter.engine.descriptor.TestMethodTestDescriptor.execute(TestMethodTestDescriptor.java:69) ~[junit-jupiter-engine-5.10.1.jar:5.10.1]
	at org.junit.platform.engine.support.hierarchical.NodeTestTask.lambda$executeRecursively$6(NodeTestTask.java:151) ~[junit-platform-engine-1.10.1.jar:1.10.1]
	at org.junit.platform.engine.support.hierarchical.ThrowableCollector.execute(ThrowableCollector.java:73) ~[junit-platform-engine-1.10.1.jar:1.10.1]
	at org.junit.platform.engine.support.hierarchical.NodeTestTask.lambda$executeRecursively$8(NodeTestTask.java:141) ~[junit-platform-engine-1.10.1.jar:1.10.1]
	at org.junit.platform.engine.support.hierarchical.Node.around(Node.java:137) ~[junit-platform-engine-1.10.1.jar:1.10.1]
	at org.junit.platform.engine.support.hierarchical.NodeTestTask.lambda$executeRecursively$9(NodeTestTask.java:139) ~[junit-platform-engine-1.10.1.jar:1.10.1]
	at org.junit.platform.engine.support.hierarchical.ThrowableCollector.execute(ThrowableCollector.java:73) ~[junit-platform-engine-1.10.1.jar:1.10.1]
	at org.junit.platform.engine.support.hierarchical.NodeTestTask.executeRecursively(NodeTestTask.java:138) ~[junit-platform-engine-1.10.1.jar:1.10.1]
	at org.junit.platform.engine.support.hierarchical.NodeTestTask.execute(NodeTestTask.java:95) ~[junit-platform-engine-1.10.1.jar:1.10.1]
	at java.base/java.util.ArrayList.forEach(ArrayList.java:1511) ~[na:na]
	at org.junit.platform.engine.support.hierarchical.SameThreadHierarchicalTestExecutorService.invokeAll(SameThreadHierarchicalTestExecutorService.java:41) ~[junit-platform-engine-1.10.1.jar:1.10.1]
	at org.junit.platform.engine.support.hierarchical.NodeTestTask.lambda$executeRecursively$6(NodeTestTask.java:155) ~[junit-platform-engine-1.10.1.jar:1.10.1]
	at org.junit.platform.engine.support.hierarchical.ThrowableCollector.execute(ThrowableCollector.java:73) ~[junit-platform-engine-1.10.1.jar:1.10.1]
	at org.junit.platform.engine.support.hierarchical.NodeTestTask.lambda$executeRecursively$8(NodeTestTask.java:141) ~[junit-platform-engine-1.10.1.jar:1.10.1]
	at org.junit.platform.engine.support.hierarchical.Node.around(Node.java:137) ~[junit-platform-engine-1.10.1.jar:1.10.1]
	at org.junit.platform.engine.support.hierarchical.NodeTestTask.lambda$executeRecursively$9(NodeTestTask.java:139) ~[junit-platform-engine-1.10.1.jar:1.10.1]
	at org.junit.platform.engine.support.hierarchical.ThrowableCollector.execute(ThrowableCollector.java:73) ~[junit-platform-engine-1.10.1.jar:1.10.1]
	at org.junit.platform.engine.support.hierarchical.NodeTestTask.executeRecursively(NodeTestTask.java:138) ~[junit-platform-engine-1.10.1.jar:1.10.1]
	at org.junit.platform.engine.support.hierarchical.NodeTestTask.execute(NodeTestTask.java:95) ~[junit-platform-engine-1.10.1.jar:1.10.1]
	at java.base/java.util.ArrayList.forEach(ArrayList.java:1511) ~[na:na]
	at org.junit.platform.engine.support.hierarchical.SameThreadHierarchicalTestExecutorService.invokeAll(SameThreadHierarchicalTestExecutorService.java:41) ~[junit-platform-engine-1.10.1.jar:1.10.1]
	at org.junit.platform.engine.support.hierarchical.NodeTestTask.lambda$executeRecursively$6(NodeTestTask.java:155) ~[junit-platform-engine-1.10.1.jar:1.10.1]
	at org.junit.platform.engine.support.hierarchical.ThrowableCollector.execute(ThrowableCollector.java:73) ~[junit-platform-engine-1.10.1.jar:1.10.1]
	at org.junit.platform.engine.support.hierarchical.NodeTestTask.lambda$executeRecursively$8(NodeTestTask.java:141) ~[junit-platform-engine-1.10.1.jar:1.10.1]
	at org.junit.platform.engine.support.hierarchical.Node.around(Node.java:137) ~[junit-platform-engine-1.10.1.jar:1.10.1]
	at org.junit.platform.engine.support.hierarchical.NodeTestTask.lambda$executeRecursively$9(NodeTestTask.java:139) ~[junit-platform-engine-1.10.1.jar:1.10.1]
	at org.junit.platform.engine.support.hierarchical.ThrowableCollector.execute(ThrowableCollector.java:73) ~[junit-platform-engine-1.10.1.jar:1.10.1]
	at org.junit.platform.engine.support.hierarchical.NodeTestTask.executeRecursively(NodeTestTask.java:138) ~[junit-platform-engine-1.10.1.jar:1.10.1]
	at org.junit.platform.engine.support.hierarchical.NodeTestTask.execute(NodeTestTask.java:95) ~[junit-platform-engine-1.10.1.jar:1.10.1]
	at org.junit.platform.engine.support.hierarchical.SameThreadHierarchicalTestExecutorService.submit(SameThreadHierarchicalTestExecutorService.java:35) ~[junit-platform-engine-1.10.1.jar:1.10.1]
	at org.junit.platform.engine.support.hierarchical.HierarchicalTestExecutor.execute(HierarchicalTestExecutor.java:57) ~[junit-platform-engine-1.10.1.jar:1.10.1]
	at org.junit.platform.engine.support.hierarchical.HierarchicalTestEngine.execute(HierarchicalTestEngine.java:54) ~[junit-platform-engine-1.10.1.jar:1.10.1]
	at org.junit.platform.launcher.core.EngineExecutionOrchestrator.execute(EngineExecutionOrchestrator.java:198) ~[junit-platform-launcher-1.10.1.jar:1.10.1]
	at org.junit.platform.launcher.core.EngineExecutionOrchestrator.execute(EngineExecutionOrchestrator.java:169) ~[junit-platform-launcher-1.10.1.jar:1.10.1]
	at org.junit.platform.launcher.core.EngineExecutionOrchestrator.execute(EngineExecutionOrchestrator.java:93) ~[junit-platform-launcher-1.10.1.jar:1.10.1]
	at org.junit.platform.launcher.core.EngineExecutionOrchestrator.lambda$execute$0(EngineExecutionOrchestrator.java:58) ~[junit-platform-launcher-1.10.1.jar:1.10.1]
	at org.junit.platform.launcher.core.EngineExecutionOrchestrator.withInterceptedStreams(EngineExecutionOrchestrator.java:141) ~[junit-platform-launcher-1.10.1.jar:1.10.1]
	at org.junit.platform.launcher.core.EngineExecutionOrchestrator.execute(EngineExecutionOrchestrator.java:57) ~[junit-platform-launcher-1.10.1.jar:1.10.1]
	at org.junit.platform.launcher.core.DefaultLauncher.execute(DefaultLauncher.java:103) ~[junit-platform-launcher-1.10.1.jar:1.10.1]
	at org.junit.platform.launcher.core.DefaultLauncher.execute(DefaultLauncher.java:85) ~[junit-platform-launcher-1.10.1.jar:1.10.1]
	at org.junit.platform.launcher.core.DelegatingLauncher.execute(DelegatingLauncher.java:47) ~[junit-platform-launcher-1.10.1.jar:1.10.1]
	at org.apache.maven.surefire.junitplatform.LazyLauncher.execute(LazyLauncher.java:56) ~[surefire-junit-platform-3.1.2.jar:3.1.2]
	at org.apache.maven.surefire.junitplatform.JUnitPlatformProvider.execute(JUnitPlatformProvider.java:184) ~[surefire-junit-platform-3.1.2.jar:3.1.2]
	at org.apache.maven.surefire.junitplatform.JUnitPlatformProvider.invokeAllTests(JUnitPlatformProvider.java:148) ~[surefire-junit-platform-3.1.2.jar:3.1.2]
	at org.apache.maven.surefire.junitplatform.JUnitPlatformProvider.invoke(JUnitPlatformProvider.java:122) ~[surefire-junit-platform-3.1.2.jar:3.1.2]
	at org.apache.maven.surefire.booter.ForkedBooter.runSuitesInProcess(ForkedBooter.java:385) ~[surefire-booter-3.1.2.jar:3.1.2]
	at org.apache.maven.surefire.booter.ForkedBooter.execute(ForkedBooter.java:162) ~[surefire-booter-3.1.2.jar:3.1.2]
	at org.apache.maven.surefire.booter.ForkedBooter.run(ForkedBooter.java:507) ~[surefire-booter-3.1.2.jar:3.1.2]
	at org.apache.maven.surefire.booter.ForkedBooter.main(ForkedBooter.java:495) ~[surefire-booter-3.1.2.jar:3.1.2]

]]></system-out>
  </testcase>
  <testcase name="testFieldPermissions" classname="com.flow.engine.service.FormPermissionApiTest" time="0.039">
    <system-out><![CDATA[2026-07-20T10:16:04.535+08:00  INFO 34340 --- [flow-engine] [           main] c.f.e.listener.DataModelProcessListener  : [DataModel] 流程启动事件: instanceId=3, processKey=perm_test
2026-07-20T10:16:04.543+08:00  INFO 34340 --- [flow-engine] [           main] com.flow.engine.engine.NodeExecutor      : [NodeExecutor] 执行节点: id=start, type=start, name=开始
2026-07-20T10:16:04.544+08:00  INFO 34340 --- [flow-engine] [           main] c.f.engine.node.impl.StartNodeHandler    : [StartNode] 流程实例 3 进入开始节点
2026-07-20T10:16:04.545+08:00  INFO 34340 --- [flow-engine] [           main] c.f.engine.node.impl.StartNodeHandler    : [StartNode] 流程实例 3 离开开始节点
2026-07-20T10:16:04.546+08:00  INFO 34340 --- [flow-engine] [           main] com.flow.engine.engine.NodeExecutor      : [NodeExecutor] 执行节点: id=task1, type=userTask, name=第一审批
2026-07-20T10:16:04.548+08:00  INFO 34340 --- [flow-engine] [           main] c.f.e.node.impl.UserTaskNodeHandler      : [UserTaskNodeHandler] userTask 节点进入: instanceId=3, nodeId=task1, assignee=user1, candidates=null
2026-07-20T10:16:04.552+08:00  INFO 34340 --- [flow-engine] [           main] com.flow.engine.service.TaskService      : [TaskService] 创建任务: id=4, node=task1, assignee=user1
2026-07-20T10:16:04.556+08:00  INFO 34340 --- [flow-engine] [           main] com.flow.engine.engine.FlowEngine        : [FlowEngine] 流程实例 3 等待在节点 task1
]]></system-out>
  </testcase>
  <testcase name="testButtonPermissions" classname="com.flow.engine.service.FormPermissionApiTest" time="0.028">
    <system-out><![CDATA[2026-07-20T10:16:04.568+08:00  INFO 34340 --- [flow-engine] [           main] c.f.e.listener.DataModelProcessListener  : [DataModel] 流程启动事件: instanceId=4, processKey=perm_test
2026-07-20T10:16:04.572+08:00  INFO 34340 --- [flow-engine] [           main] com.flow.engine.engine.NodeExecutor      : [NodeExecutor] 执行节点: id=start, type=start, name=开始
2026-07-20T10:16:04.574+08:00  INFO 34340 --- [flow-engine] [           main] c.f.engine.node.impl.StartNodeHandler    : [StartNode] 流程实例 4 进入开始节点
2026-07-20T10:16:04.574+08:00  INFO 34340 --- [flow-engine] [           main] c.f.engine.node.impl.StartNodeHandler    : [StartNode] 流程实例 4 离开开始节点
2026-07-20T10:16:04.579+08:00  INFO 34340 --- [flow-engine] [           main] com.flow.engine.engine.NodeExecutor      : [NodeExecutor] 执行节点: id=task1, type=userTask, name=第一审批
2026-07-20T10:16:04.580+08:00  INFO 34340 --- [flow-engine] [           main] c.f.e.node.impl.UserTaskNodeHandler      : [UserTaskNodeHandler] userTask 节点进入: instanceId=4, nodeId=task1, assignee=user1, candidates=null
2026-07-20T10:16:04.581+08:00  INFO 34340 --- [flow-engine] [           main] com.flow.engine.service.TaskService      : [TaskService] 创建任务: id=5, node=task1, assignee=user1
2026-07-20T10:16:04.583+08:00  INFO 34340 --- [flow-engine] [           main] com.flow.engine.engine.FlowEngine        : [FlowEngine] 流程实例 4 等待在节点 task1
]]></system-out>
  </testcase>
  <testcase name="testInheritance" classname="com.flow.engine.service.FormPermissionApiTest" time="0.034">
    <system-out><![CDATA[2026-07-20T10:16:04.598+08:00  INFO 34340 --- [flow-engine] [           main] c.f.e.listener.DataModelProcessListener  : [DataModel] 流程启动事件: instanceId=5, processKey=perm_test
2026-07-20T10:16:04.600+08:00  INFO 34340 --- [flow-engine] [           main] com.flow.engine.engine.NodeExecutor      : [NodeExecutor] 执行节点: id=start, type=start, name=开始
2026-07-20T10:16:04.602+08:00  INFO 34340 --- [flow-engine] [           main] c.f.engine.node.impl.StartNodeHandler    : [StartNode] 流程实例 5 进入开始节点
2026-07-20T10:16:04.602+08:00  INFO 34340 --- [flow-engine] [           main] c.f.engine.node.impl.StartNodeHandler    : [StartNode] 流程实例 5 离开开始节点
2026-07-20T10:16:04.604+08:00  INFO 34340 --- [flow-engine] [           main] com.flow.engine.engine.NodeExecutor      : [NodeExecutor] 执行节点: id=task1, type=userTask, name=第一审批
2026-07-20T10:16:04.605+08:00  INFO 34340 --- [flow-engine] [           main] c.f.e.node.impl.UserTaskNodeHandler      : [UserTaskNodeHandler] userTask 节点进入: instanceId=5, nodeId=task1, assignee=user1, candidates=null
2026-07-20T10:16:04.606+08:00  INFO 34340 --- [flow-engine] [           main] com.flow.engine.service.TaskService      : [TaskService] 创建任务: id=6, node=task1, assignee=user1
2026-07-20T10:16:04.607+08:00  INFO 34340 --- [flow-engine] [           main] com.flow.engine.engine.FlowEngine        : [FlowEngine] 流程实例 5 等待在节点 task1
2026-07-20T10:16:04.614+08:00  INFO 34340 --- [flow-engine] [           main] com.flow.engine.engine.NodeExecutor      : [NodeExecutor] 执行节点: id=task2, type=userTask, name=第二审批
2026-07-20T10:16:04.616+08:00  INFO 34340 --- [flow-engine] [           main] c.f.e.node.impl.UserTaskNodeHandler      : [UserTaskNodeHandler] userTask 节点进入: instanceId=5, nodeId=task2, assignee=user2, candidates=null
2026-07-20T10:16:04.617+08:00  INFO 34340 --- [flow-engine] [           main] com.flow.engine.service.TaskService      : [TaskService] 创建任务: id=7, node=task2, assignee=user2
2026-07-20T10:16:04.619+08:00  INFO 34340 --- [flow-engine] [           main] com.flow.engine.engine.FlowEngine        : [FlowEngine] 流程实例 5 等待在节点 task2
2026-07-20T10:16:04.619+08:00  INFO 34340 --- [flow-engine] [           main] com.flow.engine.service.TaskService      : [TaskService] 任务 6 被 user1 通过
2026-07-20T10:16:04.624+08:00  WARN 34340 --- [flow-engine] [           main] c.f.engine.service.PermissionCalculator  : 条件表达式求值失败: amount > 1000, 使用默认权限

com.flow.engine.common.exception.FlowException: EL 表达式求值失败 [amount > 1000]: EL1008E: Property or field 'amount' cannot be found on object of type 'java.util.HashMap' - maybe not public or not valid?
	at com.flow.engine.common.utils.ExpressionUtils.eval(ExpressionUtils.java:68) ~[classes/:na]
	at com.flow.engine.common.utils.ExpressionUtils.evalBoolean(ExpressionUtils.java:46) ~[classes/:na]
	at com.flow.engine.service.PermissionCalculator.evaluateCondition(PermissionCalculator.java:151) ~[classes/:na]
	at com.flow.engine.service.PermissionCalculator.calculateFieldPermissions(PermissionCalculator.java:196) ~[classes/:na]
	at com.flow.engine.service.PermissionCalculator.calculatePermissions(PermissionCalculator.java:74) ~[classes/:na]
	at com.flow.engine.service.FormPermissionService.calculateWithInheritance(FormPermissionService.java:100) ~[classes/:na]
	at com.flow.engine.service.FormPermissionService.getFormPermissions(FormPermissionService.java:80) ~[classes/:na]
	at com.flow.engine.service.FormPermissionApiTest.testInheritance(FormPermissionApiTest.java:202) ~[test-classes/:na]
	at java.base/jdk.internal.reflect.NativeMethodAccessorImpl.invoke0(Native Method) ~[na:na]
	at java.base/jdk.internal.reflect.NativeMethodAccessorImpl.invoke(NativeMethodAccessorImpl.java:77) ~[na:na]
	at java.base/jdk.internal.reflect.DelegatingMethodAccessorImpl.invoke(DelegatingMethodAccessorImpl.java:43) ~[na:na]
	at java.base/java.lang.reflect.Method.invoke(Method.java:568) ~[na:na]
	at org.junit.platform.commons.util.ReflectionUtils.invokeMethod(ReflectionUtils.java:728) ~[junit-platform-commons-1.10.1.jar:1.10.1]
	at org.junit.jupiter.engine.execution.MethodInvocation.proceed(MethodInvocation.java:60) ~[junit-jupiter-engine-5.10.1.jar:5.10.1]
	at org.junit.jupiter.engine.execution.InvocationInterceptorChain$ValidatingInvocation.proceed(InvocationInterceptorChain.java:131) ~[junit-jupiter-engine-5.10.1.jar:5.10.1]
	at org.junit.jupiter.engine.extension.TimeoutExtension.intercept(TimeoutExtension.java:156) ~[junit-jupiter-engine-5.10.1.jar:5.10.1]
	at org.junit.jupiter.engine.extension.TimeoutExtension.interceptTestableMethod(TimeoutExtension.java:147) ~[junit-jupiter-engine-5.10.1.jar:5.10.1]
	at org.junit.jupiter.engine.extension.TimeoutExtension.interceptTestMethod(TimeoutExtension.java:86) ~[junit-jupiter-engine-5.10.1.jar:5.10.1]
	at org.junit.jupiter.engine.execution.InterceptingExecutableInvoker$ReflectiveInterceptorCall.lambda$ofVoidMethod$0(InterceptingExecutableInvoker.java:103) ~[junit-jupiter-engine-5.10.1.jar:5.10.1]
	at org.junit.jupiter.engine.execution.InterceptingExecutableInvoker.lambda$invoke$0(InterceptingExecutableInvoker.java:93) ~[junit-jupiter-engine-5.10.1.jar:5.10.1]
	at org.junit.jupiter.engine.execution.InvocationInterceptorChain$InterceptedInvocation.proceed(InvocationInterceptorChain.java:106) ~[junit-jupiter-engine-5.10.1.jar:5.10.1]
	at org.junit.jupiter.engine.execution.InvocationInterceptorChain.proceed(InvocationInterceptorChain.java:64) ~[junit-jupiter-engine-5.10.1.jar:5.10.1]
	at org.junit.jupiter.engine.execution.InvocationInterceptorChain.chainAndInvoke(InvocationInterceptorChain.java:45) ~[junit-jupiter-engine-5.10.1.jar:5.10.1]
	at org.junit.jupiter.engine.execution.InvocationInterceptorChain.invoke(InvocationInterceptorChain.java:37) ~[junit-jupiter-engine-5.10.1.jar:5.10.1]
	at org.junit.jupiter.engine.execution.InterceptingExecutableInvoker.invoke(InterceptingExecutableInvoker.java:92) ~[junit-jupiter-engine-5.10.1.jar:5.10.1]
	at org.junit.jupiter.engine.execution.InterceptingExecutableInvoker.invoke(InterceptingExecutableInvoker.java:86) ~[junit-jupiter-engine-5.10.1.jar:5.10.1]
	at org.junit.jupiter.engine.descriptor.TestMethodTestDescriptor.lambda$invokeTestMethod$7(TestMethodTestDescriptor.java:218) ~[junit-jupiter-engine-5.10.1.jar:5.10.1]
	at org.junit.platform.engine.support.hierarchical.ThrowableCollector.execute(ThrowableCollector.java:73) ~[junit-platform-engine-1.10.1.jar:1.10.1]
	at org.junit.jupiter.engine.descriptor.TestMethodTestDescriptor.invokeTestMethod(TestMethodTestDescriptor.java:214) ~[junit-jupiter-engine-5.10.1.jar:5.10.1]
	at org.junit.jupiter.engine.descriptor.TestMethodTestDescriptor.execute(TestMethodTestDescriptor.java:139) ~[junit-jupiter-engine-5.10.1.jar:5.10.1]
	at org.junit.jupiter.engine.descriptor.TestMethodTestDescriptor.execute(TestMethodTestDescriptor.java:69) ~[junit-jupiter-engine-5.10.1.jar:5.10.1]
	at org.junit.platform.engine.support.hierarchical.NodeTestTask.lambda$executeRecursively$6(NodeTestTask.java:151) ~[junit-platform-engine-1.10.1.jar:1.10.1]
	at org.junit.platform.engine.support.hierarchical.ThrowableCollector.execute(ThrowableCollector.java:73) ~[junit-platform-engine-1.10.1.jar:1.10.1]
	at org.junit.platform.engine.support.hierarchical.NodeTestTask.lambda$executeRecursively$8(NodeTestTask.java:141) ~[junit-platform-engine-1.10.1.jar:1.10.1]
	at org.junit.platform.engine.support.hierarchical.Node.around(Node.java:137) ~[junit-platform-engine-1.10.1.jar:1.10.1]
	at org.junit.platform.engine.support.hierarchical.NodeTestTask.lambda$executeRecursively$9(NodeTestTask.java:139) ~[junit-platform-engine-1.10.1.jar:1.10.1]
	at org.junit.platform.engine.support.hierarchical.ThrowableCollector.execute(ThrowableCollector.java:73) ~[junit-platform-engine-1.10.1.jar:1.10.1]
	at org.junit.platform.engine.support.hierarchical.NodeTestTask.executeRecursively(NodeTestTask.java:138) ~[junit-platform-engine-1.10.1.jar:1.10.1]
	at org.junit.platform.engine.support.hierarchical.NodeTestTask.execute(NodeTestTask.java:95) ~[junit-platform-engine-1.10.1.jar:1.10.1]
	at java.base/java.util.ArrayList.forEach(ArrayList.java:1511) ~[na:na]
	at org.junit.platform.engine.support.hierarchical.SameThreadHierarchicalTestExecutorService.invokeAll(SameThreadHierarchicalTestExecutorService.java:41) ~[junit-platform-engine-1.10.1.jar:1.10.1]
	at org.junit.platform.engine.support.hierarchical.NodeTestTask.lambda$executeRecursively$6(NodeTestTask.java:155) ~[junit-platform-engine-1.10.1.jar:1.10.1]
	at org.junit.platform.engine.support.hierarchical.ThrowableCollector.execute(ThrowableCollector.java:73) ~[junit-platform-engine-1.10.1.jar:1.10.1]
	at org.junit.platform.engine.support.hierarchical.NodeTestTask.lambda$executeRecursively$8(NodeTestTask.java:141) ~[junit-platform-engine-1.10.1.jar:1.10.1]
	at org.junit.platform.engine.support.hierarchical.Node.around(Node.java:137) ~[junit-platform-engine-1.10.1.jar:1.10.1]
	at org.junit.platform.engine.support.hierarchical.NodeTestTask.lambda$executeRecursively$9(NodeTestTask.java:139) ~[junit-platform-engine-1.10.1.jar:1.10.1]
	at org.junit.platform.engine.support.hierarchical.ThrowableCollector.execute(ThrowableCollector.java:73) ~[junit-platform-engine-1.10.1.jar:1.10.1]
	at org.junit.platform.engine.support.hierarchical.NodeTestTask.executeRecursively(NodeTestTask.java:138) ~[junit-platform-engine-1.10.1.jar:1.10.1]
	at org.junit.platform.engine.support.hierarchical.NodeTestTask.execute(NodeTestTask.java:95) ~[junit-platform-engine-1.10.1.jar:1.10.1]
	at java.base/java.util.ArrayList.forEach(ArrayList.java:1511) ~[na:na]
	at org.junit.platform.engine.support.hierarchical.SameThreadHierarchicalTestExecutorService.invokeAll(SameThreadHierarchicalTestExecutorService.java:41) ~[junit-platform-engine-1.10.1.jar:1.10.1]
	at org.junit.platform.engine.support.hierarchical.NodeTestTask.lambda$executeRecursively$6(NodeTestTask.java:155) ~[junit-platform-engine-1.10.1.jar:1.10.1]
	at org.junit.platform.engine.support.hierarchical.ThrowableCollector.execute(ThrowableCollector.java:73) ~[junit-platform-engine-1.10.1.jar:1.10.1]
	at org.junit.platform.engine.support.hierarchical.NodeTestTask.lambda$executeRecursively$8(NodeTestTask.java:141) ~[junit-platform-engine-1.10.1.jar:1.10.1]
	at org.junit.platform.engine.support.hierarchical.Node.around(Node.java:137) ~[junit-platform-engine-1.10.1.jar:1.10.1]
	at org.junit.platform.engine.support.hierarchical.NodeTestTask.lambda$executeRecursively$9(NodeTestTask.java:139) ~[junit-platform-engine-1.10.1.jar:1.10.1]
	at org.junit.platform.engine.support.hierarchical.ThrowableCollector.execute(ThrowableCollector.java:73) ~[junit-platform-engine-1.10.1.jar:1.10.1]
	at org.junit.platform.engine.support.hierarchical.NodeTestTask.executeRecursively(NodeTestTask.java:138) ~[junit-platform-engine-1.10.1.jar:1.10.1]
	at org.junit.platform.engine.support.hierarchical.NodeTestTask.execute(NodeTestTask.java:95) ~[junit-platform-engine-1.10.1.jar:1.10.1]
	at org.junit.platform.engine.support.hierarchical.SameThreadHierarchicalTestExecutorService.submit(SameThreadHierarchicalTestExecutorService.java:35) ~[junit-platform-engine-1.10.1.jar:1.10.1]
	at org.junit.platform.engine.support.hierarchical.HierarchicalTestExecutor.execute(HierarchicalTestExecutor.java:57) ~[junit-platform-engine-1.10.1.jar:1.10.1]
	at org.junit.platform.engine.support.hierarchical.HierarchicalTestEngine.execute(HierarchicalTestEngine.java:54) ~[junit-platform-engine-1.10.1.jar:1.10.1]
	at org.junit.platform.launcher.core.EngineExecutionOrchestrator.execute(EngineExecutionOrchestrator.java:198) ~[junit-platform-launcher-1.10.1.jar:1.10.1]
	at org.junit.platform.launcher.core.EngineExecutionOrchestrator.execute(EngineExecutionOrchestrator.java:169) ~[junit-platform-launcher-1.10.1.jar:1.10.1]
	at org.junit.platform.launcher.core.EngineExecutionOrchestrator.execute(EngineExecutionOrchestrator.java:93) ~[junit-platform-launcher-1.10.1.jar:1.10.1]
	at org.junit.platform.launcher.core.EngineExecutionOrchestrator.lambda$execute$0(EngineExecutionOrchestrator.java:58) ~[junit-platform-launcher-1.10.1.jar:1.10.1]
	at org.junit.platform.launcher.core.EngineExecutionOrchestrator.withInterceptedStreams(EngineExecutionOrchestrator.java:141) ~[junit-platform-launcher-1.10.1.jar:1.10.1]
	at org.junit.platform.launcher.core.EngineExecutionOrchestrator.execute(EngineExecutionOrchestrator.java:57) ~[junit-platform-launcher-1.10.1.jar:1.10.1]
	at org.junit.platform.launcher.core.DefaultLauncher.execute(DefaultLauncher.java:103) ~[junit-platform-launcher-1.10.1.jar:1.10.1]
	at org.junit.platform.launcher.core.DefaultLauncher.execute(DefaultLauncher.java:85) ~[junit-platform-launcher-1.10.1.jar:1.10.1]
	at org.junit.platform.launcher.core.DelegatingLauncher.execute(DelegatingLauncher.java:47) ~[junit-platform-launcher-1.10.1.jar:1.10.1]
	at org.apache.maven.surefire.junitplatform.LazyLauncher.execute(LazyLauncher.java:56) ~[surefire-junit-platform-3.1.2.jar:3.1.2]
	at org.apache.maven.surefire.junitplatform.JUnitPlatformProvider.execute(JUnitPlatformProvider.java:184) ~[surefire-junit-platform-3.1.2.jar:3.1.2]
	at org.apache.maven.surefire.junitplatform.JUnitPlatformProvider.invokeAllTests(JUnitPlatformProvider.java:148) ~[surefire-junit-platform-3.1.2.jar:3.1.2]
	at org.apache.maven.surefire.junitplatform.JUnitPlatformProvider.invoke(JUnitPlatformProvider.java:122) ~[surefire-junit-platform-3.1.2.jar:3.1.2]
	at org.apache.maven.surefire.booter.ForkedBooter.runSuitesInProcess(ForkedBooter.java:385) ~[surefire-booter-3.1.2.jar:3.1.2]
	at org.apache.maven.surefire.booter.ForkedBooter.execute(ForkedBooter.java:162) ~[surefire-booter-3.1.2.jar:3.1.2]
	at org.apache.maven.surefire.booter.ForkedBooter.run(ForkedBooter.java:507) ~[surefire-booter-3.1.2.jar:3.1.2]
	at org.apache.maven.surefire.booter.ForkedBooter.main(ForkedBooter.java:495) ~[surefire-booter-3.1.2.jar:3.1.2]

]]></system-out>
  </testcase>
  <testcase name="testConditionalPermissionHighAmount" classname="com.flow.engine.service.FormPermissionApiTest" time="0.035">
    <system-out><![CDATA[2026-07-20T10:16:04.634+08:00  INFO 34340 --- [flow-engine] [           main] c.f.e.listener.DataModelProcessListener  : [DataModel] 流程启动事件: instanceId=6, processKey=perm_test
2026-07-20T10:16:04.637+08:00  INFO 34340 --- [flow-engine] [           main] com.flow.engine.engine.NodeExecutor      : [NodeExecutor] 执行节点: id=start, type=start, name=开始
2026-07-20T10:16:04.638+08:00  INFO 34340 --- [flow-engine] [           main] c.f.engine.node.impl.StartNodeHandler    : [StartNode] 流程实例 6 进入开始节点
2026-07-20T10:16:04.638+08:00  INFO 34340 --- [flow-engine] [           main] c.f.engine.node.impl.StartNodeHandler    : [StartNode] 流程实例 6 离开开始节点
2026-07-20T10:16:04.640+08:00  INFO 34340 --- [flow-engine] [           main] com.flow.engine.engine.NodeExecutor      : [NodeExecutor] 执行节点: id=task1, type=userTask, name=第一审批
2026-07-20T10:16:04.641+08:00  INFO 34340 --- [flow-engine] [           main] c.f.e.node.impl.UserTaskNodeHandler      : [UserTaskNodeHandler] userTask 节点进入: instanceId=6, nodeId=task1, assignee=user1, candidates=null
2026-07-20T10:16:04.641+08:00  INFO 34340 --- [flow-engine] [           main] com.flow.engine.service.TaskService      : [TaskService] 创建任务: id=8, node=task1, assignee=user1
2026-07-20T10:16:04.643+08:00  INFO 34340 --- [flow-engine] [           main] com.flow.engine.engine.FlowEngine        : [FlowEngine] 流程实例 6 等待在节点 task1
2026-07-20T10:16:04.652+08:00  INFO 34340 --- [flow-engine] [           main] com.flow.engine.engine.NodeExecutor      : [NodeExecutor] 执行节点: id=task2, type=userTask, name=第二审批
2026-07-20T10:16:04.653+08:00  INFO 34340 --- [flow-engine] [           main] c.f.e.node.impl.UserTaskNodeHandler      : [UserTaskNodeHandler] userTask 节点进入: instanceId=6, nodeId=task2, assignee=user2, candidates=null
2026-07-20T10:16:04.654+08:00  INFO 34340 --- [flow-engine] [           main] com.flow.engine.service.TaskService      : [TaskService] 创建任务: id=9, node=task2, assignee=user2
2026-07-20T10:16:04.655+08:00  INFO 34340 --- [flow-engine] [           main] com.flow.engine.engine.FlowEngine        : [FlowEngine] 流程实例 6 等待在节点 task2
2026-07-20T10:16:04.656+08:00  INFO 34340 --- [flow-engine] [           main] com.flow.engine.service.TaskService      : [TaskService] 任务 8 被 user1 通过
]]></system-out>
  </testcase>
  <testcase name="testConditionalPermissionLowAmount" classname="com.flow.engine.service.FormPermissionApiTest" time="0.027">
    <system-out><![CDATA[2026-07-20T10:16:04.670+08:00  INFO 34340 --- [flow-engine] [           main] c.f.e.listener.DataModelProcessListener  : [DataModel] 流程启动事件: instanceId=7, processKey=perm_test
2026-07-20T10:16:04.673+08:00  INFO 34340 --- [flow-engine] [           main] com.flow.engine.engine.NodeExecutor      : [NodeExecutor] 执行节点: id=start, type=start, name=开始
2026-07-20T10:16:04.673+08:00  INFO 34340 --- [flow-engine] [           main] c.f.engine.node.impl.StartNodeHandler    : [StartNode] 流程实例 7 进入开始节点
2026-07-20T10:16:04.673+08:00  INFO 34340 --- [flow-engine] [           main] c.f.engine.node.impl.StartNodeHandler    : [StartNode] 流程实例 7 离开开始节点
2026-07-20T10:16:04.674+08:00  INFO 34340 --- [flow-engine] [           main] com.flow.engine.engine.NodeExecutor      : [NodeExecutor] 执行节点: id=task1, type=userTask, name=第一审批
2026-07-20T10:16:04.675+08:00  INFO 34340 --- [flow-engine] [           main] c.f.e.node.impl.UserTaskNodeHandler      : [UserTaskNodeHandler] userTask 节点进入: instanceId=7, nodeId=task1, assignee=user1, candidates=null
2026-07-20T10:16:04.675+08:00  INFO 34340 --- [flow-engine] [           main] com.flow.engine.service.TaskService      : [TaskService] 创建任务: id=10, node=task1, assignee=user1
2026-07-20T10:16:04.676+08:00  INFO 34340 --- [flow-engine] [           main] com.flow.engine.engine.FlowEngine        : [FlowEngine] 流程实例 7 等待在节点 task1
2026-07-20T10:16:04.684+08:00  INFO 34340 --- [flow-engine] [           main] com.flow.engine.engine.NodeExecutor      : [NodeExecutor] 执行节点: id=task2, type=userTask, name=第二审批
2026-07-20T10:16:04.685+08:00  INFO 34340 --- [flow-engine] [           main] c.f.e.node.impl.UserTaskNodeHandler      : [UserTaskNodeHandler] userTask 节点进入: instanceId=7, nodeId=task2, assignee=user2, candidates=null
2026-07-20T10:16:04.686+08:00  INFO 34340 --- [flow-engine] [           main] com.flow.engine.service.TaskService      : [TaskService] 创建任务: id=11, node=task2, assignee=user2
2026-07-20T10:16:04.687+08:00  INFO 34340 --- [flow-engine] [           main] com.flow.engine.engine.FlowEngine        : [FlowEngine] 流程实例 7 等待在节点 task2
2026-07-20T10:16:04.687+08:00  INFO 34340 --- [flow-engine] [           main] com.flow.engine.service.TaskService      : [TaskService] 任务 10 被 user1 通过
]]></system-out>
  </testcase>
</testsuite>