<?xml version="1.0" encoding="UTF-8"?>
<testsuite xmlns:xsi="http://www.w3.org/2001/XMLSchema-instance" xsi:noNamespaceSchemaLocation="https://maven.apache.org/surefire/maven-surefire-plugin/xsd/surefire-test-report-3.0.xsd" version="3.0" name="com.flow.engine.CommonResponseTest" time="5.767" tests="3" errors="0" skipped="0" failures="0">
  <properties>
[...]
</properties>
  <testcase name="notFoundHandled" classname="com.flow.engine.CommonResponseTest" time="0.535">
    <system-out><![CDATA[2026-07-20T10:15:36.298+08:00  INFO 34340 --- [flow-engine] [           main] t.c.s.AnnotationConfigContextLoaderUtils : Could not detect default configuration classes for test class [com.flow.engine.CommonResponseTest]: CommonResponseTest does not declare any static, non-private, non-final, nested classes annotated with @Configuration.
2026-07-20T10:15:36.327+08:00  INFO 34340 --- [flow-engine] [           main] .b.t.c.SpringBootTestContextBootstrapper : Found @SpringBootConfiguration com.flow.engine.FlowEngineApplication for test class com.flow.engine.CommonResponseTest

  .   ____          _            __ _ _
 /\\ / ___'_ __ _ _(_)_ __  __ _ \ \ \ \
( ( )\___ | '_ | '_| | '_ \/ _` | \ \ \ \
 \\/  ___)| |_)| | | | | || (_| |  ) ) ) )
  '  |____| .__|_| |_|_| |_\__, | / / / /
 =========|_|==============|___/=/_/_/_/
 :: Spring Boot ::                (v3.2.0)

2026-07-20T10:15:36.424+08:00  INFO 34340 --- [flow-engine] [           main] com.flow.engine.CommonResponseTest       : Starting CommonResponseTest using Java 17.0.12 with PID 34340 (started by wb_liming in D:\source_code\workflow\flow-engine)
2026-07-20T10:15:36.425+08:00  INFO 34340 --- [flow-engine] [           main] com.flow.engine.CommonResponseTest       : No active profile set, falling back to 1 default profile: "default"
2026-07-20T10:15:37.930+08:00  INFO 34340 --- [flow-engine] [           main] o.s.b.w.embedded.tomcat.TomcatWebServer  : Tomcat initialized with port 0 (http)
2026-07-20T10:15:37.957+08:00  INFO 34340 --- [flow-engine] [           main] o.apache.catalina.core.StandardService   : Starting service [Tomcat]
2026-07-20T10:15:37.958+08:00  INFO 34340 --- [flow-engine] [           main] o.apache.catalina.core.StandardEngine    : Starting Servlet engine: [Apache Tomcat/10.1.16]
2026-07-20T10:15:38.249+08:00  INFO 34340 --- [flow-engine] [           main] o.a.c.c.C.[Tomcat].[localhost].[/]       : Initializing Spring embedded WebApplicationContext
2026-07-20T10:15:38.255+08:00  INFO 34340 --- [flow-engine] [           main] w.s.c.ServletWebServerApplicationContext : Root WebApplicationContext: initialization completed in 1820 ms
2026-07-20T10:15:38.687+08:00  INFO 34340 --- [flow-engine] [           main] com.zaxxer.hikari.HikariDataSource       : HikariPool-2 - Starting...
2026-07-20T10:15:38.691+08:00  INFO 34340 --- [flow-engine] [           main] com.zaxxer.hikari.pool.HikariPool        : HikariPool-2 - Added connection org.sqlite.jdbc4.JDBC4Connection@7b8b755d
2026-07-20T10:15:38.691+08:00  INFO 34340 --- [flow-engine] [           main] com.zaxxer.hikari.HikariDataSource       : HikariPool-2 - Start completed.
 _ _   |_  _ _|_. ___ _ |    _ 
| | |\/|_)(_| | |_\  |_)||_|_\ 
     /               |         
                        3.5.5 
2026-07-20T10:15:40.187+08:00  INFO 34340 --- [flow-engine] [           main] c.f.e.node.NodeHandlerAutoConfiguration  : [NodeHandler] 自动注册节点处理器: type=dummy, class=com.flow.engine.node.DummyNodeHandler
2026-07-20T10:15:40.187+08:00  INFO 34340 --- [flow-engine] [           main] c.f.e.node.NodeHandlerAutoConfiguration  : [NodeHandler] 自动注册节点处理器: type=customDemo, class=com.flow.engine.node.impl.CustomDemoNodeHandler
2026-07-20T10:15:40.187+08:00  INFO 34340 --- [flow-engine] [           main] c.f.e.node.NodeHandlerAutoConfiguration  : [NodeHandler] 自动注册节点处理器: type=end, class=com.flow.engine.node.impl.EndNodeHandler
2026-07-20T10:15:40.188+08:00  INFO 34340 --- [flow-engine] [           main] c.f.e.node.NodeHandlerAutoConfiguration  : [NodeHandler] 自动注册节点处理器: type=exclusiveGateway, class=com.flow.engine.node.impl.ExclusiveGatewayNodeHandler
2026-07-20T10:15:40.188+08:00  INFO 34340 --- [flow-engine] [           main] c.f.e.node.NodeHandlerAutoConfiguration  : [NodeHandler] 自动注册节点处理器: type=inclusiveGateway, class=com.flow.engine.node.impl.InclusiveGatewayNodeHandler
2026-07-20T10:15:40.188+08:00  INFO 34340 --- [flow-engine] [           main] c.f.e.node.NodeHandlerAutoConfiguration  : [NodeHandler] 自动注册节点处理器: type=parallelGateway, class=com.flow.engine.node.impl.ParallelGatewayNodeHandler
2026-07-20T10:15:40.188+08:00  INFO 34340 --- [flow-engine] [           main] c.f.e.node.NodeHandlerAutoConfiguration  : [NodeHandler] 自动注册节点处理器: type=scriptTask, class=com.flow.engine.node.impl.ScriptTaskNodeHandler
2026-07-20T10:15:40.188+08:00  INFO 34340 --- [flow-engine] [           main] c.f.e.node.NodeHandlerAutoConfiguration  : [NodeHandler] 自动注册节点处理器: type=serviceTask, class=com.flow.engine.node.impl.ServiceTaskNodeHandler
2026-07-20T10:15:40.188+08:00  INFO 34340 --- [flow-engine] [           main] c.f.e.node.NodeHandlerAutoConfiguration  : [NodeHandler] 自动注册节点处理器: type=start, class=com.flow.engine.node.impl.StartNodeHandler
2026-07-20T10:15:40.189+08:00  INFO 34340 --- [flow-engine] [           main] c.f.e.node.NodeHandlerAutoConfiguration  : [NodeHandler] 自动注册节点处理器: type=subProcess, class=com.flow.engine.node.impl.SubProcessNodeHandler
2026-07-20T10:15:40.189+08:00  INFO 34340 --- [flow-engine] [           main] c.f.e.node.NodeHandlerAutoConfiguration  : [NodeHandler] 自动注册节点处理器: type=userTask, class=com.flow.engine.node.impl.UserTaskNodeHandler
2026-07-20T10:15:41.004+08:00  INFO 34340 --- [flow-engine] [           main] o.s.b.a.e.web.EndpointLinksResolver      : Exposing 2 endpoint(s) beneath base path '/actuator'
2026-07-20T10:15:41.145+08:00  INFO 34340 --- [flow-engine] [           main] o.s.b.w.embedded.tomcat.TomcatWebServer  : Tomcat started on port 65439 (http) with context path ''
2026-07-20T10:15:41.171+08:00  INFO 34340 --- [flow-engine] [           main] com.flow.engine.CommonResponseTest       : Started CommonResponseTest in 4.839 seconds (process running for 28.822)
2026-07-20T10:15:41.176+08:00  INFO 34340 --- [flow-engine] [           main] c.f.engine.config.DictDataInitializer    : [DictDataInitializer] 开始初始化系统内置字典数据...
2026-07-20T10:15:41.362+08:00  INFO 34340 --- [flow-engine] [           main] c.f.engine.config.DictDataInitializer    : [DictDataInitializer] 系统内置字典数据初始化完成
2026-07-20T10:15:41.363+08:00  INFO 34340 --- [flow-engine] [           main] c.f.e.config.TripleAdminInitializer      : [TripleAdminInitializer] 开始初始化三员账号...
2026-07-20T10:15:41.363+08:00  INFO 34340 --- [flow-engine] [           main] c.f.engine.service.TripleAdminService    : [TripleAdminService] 开始初始化三员账号...
2026-07-20T10:15:41.387+08:00  INFO 34340 --- [flow-engine] [           main] c.f.engine.service.TripleAdminService    : [TripleAdminService] 三员账号初始化完成
2026-07-20T10:15:41.387+08:00  INFO 34340 --- [flow-engine] [           main] c.f.e.config.TripleAdminInitializer      : [TripleAdminInitializer] 三员账号初始化完成
2026-07-20T10:15:41.706+08:00  INFO 34340 --- [flow-engine] [o-auto-1-exec-1] o.a.c.c.C.[Tomcat].[localhost].[/]       : Initializing Spring DispatcherServlet 'dispatcherServlet'
2026-07-20T10:15:41.707+08:00  INFO 34340 --- [flow-engine] [o-auto-1-exec-1] o.s.web.servlet.DispatcherServlet        : Initializing Servlet 'dispatcherServlet'
2026-07-20T10:15:41.709+08:00  INFO 34340 --- [flow-engine] [o-auto-1-exec-1] o.s.web.servlet.DispatcherServlet        : Completed initialization in 2 ms
2026-07-20T10:15:41.739+08:00  WARN 34340 --- [flow-engine] [o-auto-1-exec-1] o.s.web.servlet.PageNotFound             : No mapping for GET /api/not-exist-route
]]></system-out>
  </testcase>
  <testcase name="businessExceptionHandled" classname="com.flow.engine.CommonResponseTest" time="0.071"/>
  <testcase name="systemExceptionHandled" classname="com.flow.engine.CommonResponseTest" time="0.048"/>
</testsuite>