<?xml version="1.0" encoding="UTF-8"?>
<testsuite xmlns:xsi="http://www.w3.org/2001/XMLSchema-instance" xsi:noNamespaceSchemaLocation="https://maven.apache.org/surefire/maven-surefire-plugin/xsd/surefire-test-report-3.0.xsd" version="3.0" name="com.flow.engine.engine.FlowEngineE2ETest" time="4.048" tests="5" errors="0" skipped="0" failures="0">
  <properties>
[...]
</properties>
  <testcase name="testStartProcess" classname="com.flow.engine.engine.FlowEngineE2ETest" time="0.035">
    <system-out><![CDATA[2026-07-20T10:15:53.798+08:00  INFO 34340 --- [flow-engine] [           main] t.c.s.AnnotationConfigContextLoaderUtils : Could not detect default configuration classes for test class [com.flow.engine.engine.FlowEngineE2ETest]: FlowEngineE2ETest does not declare any static, non-private, non-final, nested classes annotated with @Configuration.
2026-07-20T10:15:53.830+08:00  INFO 34340 --- [flow-engine] [           main] .b.t.c.SpringBootTestContextBootstrapper : Found @SpringBootConfiguration com.flow.engine.FlowEngineApplication for test class com.flow.engine.engine.FlowEngineE2ETest

  .   ____          _            __ _ _
 /\\ / ___'_ __ _ _(_)_ __  __ _ \ \ \ \
( ( )\___ | '_ | '_| | '_ \/ _` | \ \ \ \
 \\/  ___)| |_)| | | | | || (_| |  ) ) ) )
  '  |____| .__|_| |_|_| |_\__, | / / / /
 =========|_|==============|___/=/_/_/_/
 :: Spring Boot ::                (v3.2.0)

2026-07-20T10:15:53.902+08:00  INFO 34340 --- [flow-engine] [           main] c.flow.engine.engine.FlowEngineE2ETest   : Starting FlowEngineE2ETest using Java 17.0.12 with PID 34340 (started by wb_liming in D:\source_code\workflow\flow-engine)
2026-07-20T10:15:53.902+08:00  INFO 34340 --- [flow-engine] [           main] c.flow.engine.engine.FlowEngineE2ETest   : The following 1 profile is active: "test"
2026-07-20T10:15:55.645+08:00  INFO 34340 --- [flow-engine] [           main] com.zaxxer.hikari.HikariDataSource       : HikariPool-5 - Starting...
2026-07-20T10:15:55.647+08:00  INFO 34340 --- [flow-engine] [           main] com.zaxxer.hikari.pool.HikariPool        : HikariPool-5 - Added connection org.sqlite.jdbc4.JDBC4Connection@5bab61e7
2026-07-20T10:15:55.648+08:00  INFO 34340 --- [flow-engine] [           main] com.zaxxer.hikari.HikariDataSource       : HikariPool-5 - Start completed.
 _ _   |_  _ _|_. ___ _ |    _ 
| | |\/|_)(_| | |_\  |_)||_|_\ 
     /               |         
                        3.5.5 
2026-07-20T10:15:56.533+08:00  INFO 34340 --- [flow-engine] [           main] c.f.e.node.NodeHandlerAutoConfiguration  : [NodeHandler] 自动注册节点处理器: type=dummy, class=com.flow.engine.node.DummyNodeHandler
2026-07-20T10:15:56.534+08:00  INFO 34340 --- [flow-engine] [           main] c.f.e.node.NodeHandlerAutoConfiguration  : [NodeHandler] 自动注册节点处理器: type=customDemo, class=com.flow.engine.node.impl.CustomDemoNodeHandler
2026-07-20T10:15:56.534+08:00  INFO 34340 --- [flow-engine] [           main] c.f.e.node.NodeHandlerAutoConfiguration  : [NodeHandler] 自动注册节点处理器: type=end, class=com.flow.engine.node.impl.EndNodeHandler
2026-07-20T10:15:56.535+08:00  INFO 34340 --- [flow-engine] [           main] c.f.e.node.NodeHandlerAutoConfiguration  : [NodeHandler] 自动注册节点处理器: type=exclusiveGateway, class=com.flow.engine.node.impl.ExclusiveGatewayNodeHandler
2026-07-20T10:15:56.535+08:00  INFO 34340 --- [flow-engine] [           main] c.f.e.node.NodeHandlerAutoConfiguration  : [NodeHandler] 自动注册节点处理器: type=inclusiveGateway, class=com.flow.engine.node.impl.InclusiveGatewayNodeHandler
2026-07-20T10:15:56.535+08:00  INFO 34340 --- [flow-engine] [           main] c.f.e.node.NodeHandlerAutoConfiguration  : [NodeHandler] 自动注册节点处理器: type=parallelGateway, class=com.flow.engine.node.impl.ParallelGatewayNodeHandler
2026-07-20T10:15:56.535+08:00  INFO 34340 --- [flow-engine] [           main] c.f.e.node.NodeHandlerAutoConfiguration  : [NodeHandler] 自动注册节点处理器: type=scriptTask, class=com.flow.engine.node.impl.ScriptTaskNodeHandler
2026-07-20T10:15:56.535+08:00  INFO 34340 --- [flow-engine] [           main] c.f.e.node.NodeHandlerAutoConfiguration  : [NodeHandler] 自动注册节点处理器: type=serviceTask, class=com.flow.engine.node.impl.ServiceTaskNodeHandler
2026-07-20T10:15:56.536+08:00  INFO 34340 --- [flow-engine] [           main] c.f.e.node.NodeHandlerAutoConfiguration  : [NodeHandler] 自动注册节点处理器: type=start, class=com.flow.engine.node.impl.StartNodeHandler
2026-07-20T10:15:56.536+08:00  INFO 34340 --- [flow-engine] [           main] c.f.e.node.NodeHandlerAutoConfiguration  : [NodeHandler] 自动注册节点处理器: type=subProcess, class=com.flow.engine.node.impl.SubProcessNodeHandler
2026-07-20T10:15:56.536+08:00  INFO 34340 --- [flow-engine] [           main] c.f.e.node.NodeHandlerAutoConfiguration  : [NodeHandler] 自动注册节点处理器: type=userTask, class=com.flow.engine.node.impl.UserTaskNodeHandler
2026-07-20T10:15:57.386+08:00  INFO 34340 --- [flow-engine] [           main] o.s.b.a.e.web.EndpointLinksResolver      : Exposing 2 endpoint(s) beneath base path '/actuator'
2026-07-20T10:15:57.436+08:00  INFO 34340 --- [flow-engine] [           main] c.flow.engine.engine.FlowEngineE2ETest   : Started FlowEngineE2ETest in 3.601 seconds (process running for 45.087)
2026-07-20T10:15:57.437+08:00  INFO 34340 --- [flow-engine] [           main] c.f.engine.config.DictDataInitializer    : [DictDataInitializer] 开始初始化系统内置字典数据...
2026-07-20T10:15:57.632+08:00  INFO 34340 --- [flow-engine] [           main] c.f.engine.config.DictDataInitializer    : [DictDataInitializer] 系统内置字典数据初始化完成
2026-07-20T10:15:57.632+08:00  INFO 34340 --- [flow-engine] [           main] c.f.e.config.TripleAdminInitializer      : [TripleAdminInitializer] 开始初始化三员账号...
2026-07-20T10:15:57.632+08:00  INFO 34340 --- [flow-engine] [           main] c.f.engine.service.TripleAdminService    : [TripleAdminService] 开始初始化三员账号...
2026-07-20T10:15:57.634+08:00  INFO 34340 --- [flow-engine] [           main] c.f.engine.service.TripleAdminService    : [TripleAdminService] 创建三员角色: 系统管理员
2026-07-20T10:15:57.636+08:00  INFO 34340 --- [flow-engine] [           main] c.f.engine.service.TripleAdminService    : [TripleAdminService] 创建三员角色: 安全管理员
2026-07-20T10:15:57.637+08:00  INFO 34340 --- [flow-engine] [           main] c.f.engine.service.TripleAdminService    : [TripleAdminService] 创建三员角色: 审计管理员
2026-07-20T10:15:57.650+08:00  INFO 34340 --- [flow-engine] [           main] c.f.engine.service.TripleAdminService    : [TripleAdminService] 创建三员账号: username=sys_admin, type=系统管理员
2026-07-20T10:15:57.653+08:00  INFO 34340 --- [flow-engine] [           main] c.f.engine.service.TripleAdminService    : [TripleAdminService] 创建三员账号: username=sec_admin, type=安全管理员
2026-07-20T10:15:57.657+08:00  INFO 34340 --- [flow-engine] [           main] c.f.engine.service.TripleAdminService    : [TripleAdminService] 创建三员账号: username=audit_admin, type=审计管理员
2026-07-20T10:15:57.657+08:00  INFO 34340 --- [flow-engine] [           main] c.f.engine.service.TripleAdminService    : [TripleAdminService] 三员账号初始化完成
2026-07-20T10:15:57.657+08:00  INFO 34340 --- [flow-engine] [           main] c.f.e.config.TripleAdminInitializer      : [TripleAdminInitializer] 三员账号初始化完成
2026-07-20T10:15:57.678+08:00  INFO 34340 --- [flow-engine] [           main] c.f.e.listener.DataModelProcessListener  : [DataModel] 流程启动事件: instanceId=1, processKey=e2e_simple
2026-07-20T10:15:57.683+08:00  INFO 34340 --- [flow-engine] [           main] com.flow.engine.engine.NodeExecutor      : [NodeExecutor] 执行节点: id=start, type=start, name=开始
2026-07-20T10:15:57.684+08:00  INFO 34340 --- [flow-engine] [           main] c.f.engine.node.impl.StartNodeHandler    : [StartNode] 流程实例 1 进入开始节点
2026-07-20T10:15:57.684+08:00  INFO 34340 --- [flow-engine] [           main] c.f.engine.node.impl.StartNodeHandler    : [StartNode] 流程实例 1 离开开始节点
2026-07-20T10:15:57.686+08:00  INFO 34340 --- [flow-engine] [           main] com.flow.engine.engine.NodeExecutor      : [NodeExecutor] 执行节点: id=task1, type=userTask, name=审批
2026-07-20T10:15:57.687+08:00  INFO 34340 --- [flow-engine] [           main] c.f.e.node.impl.UserTaskNodeHandler      : [UserTaskNodeHandler] userTask 节点进入: instanceId=1, nodeId=task1, assignee=null, candidates=null
2026-07-20T10:15:57.688+08:00  INFO 34340 --- [flow-engine] [           main] com.flow.engine.service.TaskService      : [TaskService] 创建任务: id=1, node=task1, assignee=null
2026-07-20T10:15:57.691+08:00  INFO 34340 --- [flow-engine] [           main] com.flow.engine.engine.FlowEngine        : [FlowEngine] 流程实例 1 等待在节点 task1
]]></system-out>
  </testcase>
  <testcase name="testSequentialFlow" classname="com.flow.engine.engine.FlowEngineE2ETest" time="0.026">
    <system-out><![CDATA[2026-07-20T10:15:57.701+08:00  INFO 34340 --- [flow-engine] [           main] c.f.e.listener.DataModelProcessListener  : [DataModel] 流程启动事件: instanceId=2, processKey=e2e_simple
2026-07-20T10:15:57.704+08:00  INFO 34340 --- [flow-engine] [           main] com.flow.engine.engine.NodeExecutor      : [NodeExecutor] 执行节点: id=start, type=start, name=开始
2026-07-20T10:15:57.704+08:00  INFO 34340 --- [flow-engine] [           main] c.f.engine.node.impl.StartNodeHandler    : [StartNode] 流程实例 2 进入开始节点
2026-07-20T10:15:57.704+08:00  INFO 34340 --- [flow-engine] [           main] c.f.engine.node.impl.StartNodeHandler    : [StartNode] 流程实例 2 离开开始节点
2026-07-20T10:15:57.706+08:00  INFO 34340 --- [flow-engine] [           main] com.flow.engine.engine.NodeExecutor      : [NodeExecutor] 执行节点: id=task1, type=userTask, name=审批
2026-07-20T10:15:57.707+08:00  INFO 34340 --- [flow-engine] [           main] c.f.e.node.impl.UserTaskNodeHandler      : [UserTaskNodeHandler] userTask 节点进入: instanceId=2, nodeId=task1, assignee=null, candidates=null
2026-07-20T10:15:57.709+08:00  INFO 34340 --- [flow-engine] [           main] com.flow.engine.service.TaskService      : [TaskService] 创建任务: id=2, node=task1, assignee=null
2026-07-20T10:15:57.710+08:00  INFO 34340 --- [flow-engine] [           main] com.flow.engine.engine.FlowEngine        : [FlowEngine] 流程实例 2 等待在节点 task1
2026-07-20T10:15:57.715+08:00  INFO 34340 --- [flow-engine] [           main] com.flow.engine.engine.NodeExecutor      : [NodeExecutor] 执行节点: id=end, type=end, name=结束
2026-07-20T10:15:57.715+08:00  INFO 34340 --- [flow-engine] [           main] c.flow.engine.node.impl.EndNodeHandler   : [EndNode] 流程实例 2 进入结束节点
2026-07-20T10:15:57.716+08:00  INFO 34340 --- [flow-engine] [           main] c.flow.engine.node.impl.EndNodeHandler   : [EndNode] 流程实例 2 离开结束节点，流程完成
2026-07-20T10:15:57.716+08:00  INFO 34340 --- [flow-engine] [           main] c.f.e.listener.DataModelProcessListener  : [DataModel] 流程完成事件: instanceId=2, processKey=e2e_simple
2026-07-20T10:15:57.719+08:00  INFO 34340 --- [flow-engine] [           main] com.flow.engine.engine.FlowEngine        : [FlowEngine] 流程实例 2 已完成
]]></system-out>
  </testcase>
  <testcase name="testConditionBranchSmall" classname="com.flow.engine.engine.FlowEngineE2ETest" time="0.065">
    <system-out><![CDATA[2026-07-20T10:15:57.755+08:00  INFO 34340 --- [flow-engine] [           main] c.f.e.listener.DataModelProcessListener  : [DataModel] 流程启动事件: instanceId=3, processKey=e2e_condition
2026-07-20T10:15:57.758+08:00  INFO 34340 --- [flow-engine] [           main] com.flow.engine.engine.NodeExecutor      : [NodeExecutor] 执行节点: id=start, type=start, name=开始
2026-07-20T10:15:57.759+08:00  INFO 34340 --- [flow-engine] [           main] c.f.engine.node.impl.StartNodeHandler    : [StartNode] 流程实例 3 进入开始节点
2026-07-20T10:15:57.759+08:00  INFO 34340 --- [flow-engine] [           main] c.f.engine.node.impl.StartNodeHandler    : [StartNode] 流程实例 3 离开开始节点
2026-07-20T10:15:57.761+08:00  INFO 34340 --- [flow-engine] [           main] com.flow.engine.engine.NodeExecutor      : [NodeExecutor] 执行节点: id=gateway1, type=exclusiveGateway, name=金额判断
2026-07-20T10:15:57.766+08:00  INFO 34340 --- [flow-engine] [           main] c.f.e.n.i.ExclusiveGatewayNodeHandler    : [ExclusiveGateway] 流程实例 3 进入排他网关 gateway1
2026-07-20T10:15:57.767+08:00  INFO 34340 --- [flow-engine] [           main] c.f.e.n.i.ExclusiveGatewayNodeHandler    : [ExclusiveGateway] 排他网关执行: nodeId=gateway1
2026-07-20T10:15:57.767+08:00  INFO 34340 --- [flow-engine] [           main] c.f.e.n.i.ExclusiveGatewayNodeHandler    : [ExclusiveGateway] 流程实例 3 离开排他网关 gateway1
2026-07-20T10:15:57.772+08:00  INFO 34340 --- [flow-engine] [           main] com.flow.engine.engine.NodeExecutor      : [NodeExecutor] 排他网关 gateway1 条件匹配: amount <= 1000 -> task_small
2026-07-20T10:15:57.779+08:00  INFO 34340 --- [flow-engine] [           main] com.flow.engine.engine.NodeExecutor      : [NodeExecutor] 执行节点: id=task_small, type=userTask, name=小额审批
2026-07-20T10:15:57.780+08:00  INFO 34340 --- [flow-engine] [           main] c.f.e.node.impl.UserTaskNodeHandler      : [UserTaskNodeHandler] userTask 节点进入: instanceId=3, nodeId=task_small, assignee=null, candidates=null
2026-07-20T10:15:57.782+08:00  INFO 34340 --- [flow-engine] [           main] com.flow.engine.service.TaskService      : [TaskService] 创建任务: id=3, node=task_small, assignee=null
2026-07-20T10:15:57.784+08:00  INFO 34340 --- [flow-engine] [           main] com.flow.engine.engine.FlowEngine        : [FlowEngine] 流程实例 3 等待在节点 task_small
]]></system-out>
  </testcase>
  <testcase name="testConditionBranchLarge" classname="com.flow.engine.engine.FlowEngineE2ETest" time="0.027">
    <system-out><![CDATA[2026-07-20T10:15:57.795+08:00  INFO 34340 --- [flow-engine] [           main] c.f.e.listener.DataModelProcessListener  : [DataModel] 流程启动事件: instanceId=4, processKey=e2e_condition
2026-07-20T10:15:57.799+08:00  INFO 34340 --- [flow-engine] [           main] com.flow.engine.engine.NodeExecutor      : [NodeExecutor] 执行节点: id=start, type=start, name=开始
2026-07-20T10:15:57.803+08:00  INFO 34340 --- [flow-engine] [           main] c.f.engine.node.impl.StartNodeHandler    : [StartNode] 流程实例 4 进入开始节点
2026-07-20T10:15:57.803+08:00  INFO 34340 --- [flow-engine] [           main] c.f.engine.node.impl.StartNodeHandler    : [StartNode] 流程实例 4 离开开始节点
2026-07-20T10:15:57.805+08:00  INFO 34340 --- [flow-engine] [           main] com.flow.engine.engine.NodeExecutor      : [NodeExecutor] 执行节点: id=gateway1, type=exclusiveGateway, name=金额判断
2026-07-20T10:15:57.806+08:00  INFO 34340 --- [flow-engine] [           main] c.f.e.n.i.ExclusiveGatewayNodeHandler    : [ExclusiveGateway] 流程实例 4 进入排他网关 gateway1
2026-07-20T10:15:57.806+08:00  INFO 34340 --- [flow-engine] [           main] c.f.e.n.i.ExclusiveGatewayNodeHandler    : [ExclusiveGateway] 排他网关执行: nodeId=gateway1
2026-07-20T10:15:57.806+08:00  INFO 34340 --- [flow-engine] [           main] c.f.e.n.i.ExclusiveGatewayNodeHandler    : [ExclusiveGateway] 流程实例 4 离开排他网关 gateway1
2026-07-20T10:15:57.807+08:00  INFO 34340 --- [flow-engine] [           main] com.flow.engine.engine.NodeExecutor      : [NodeExecutor] 排他网关 gateway1 条件匹配: amount > 1000 -> task_large
2026-07-20T10:15:57.809+08:00  INFO 34340 --- [flow-engine] [           main] com.flow.engine.engine.NodeExecutor      : [NodeExecutor] 执行节点: id=task_large, type=userTask, name=大额审批
2026-07-20T10:15:57.810+08:00  INFO 34340 --- [flow-engine] [           main] c.f.e.node.impl.UserTaskNodeHandler      : [UserTaskNodeHandler] userTask 节点进入: instanceId=4, nodeId=task_large, assignee=null, candidates=null
2026-07-20T10:15:57.812+08:00  INFO 34340 --- [flow-engine] [           main] com.flow.engine.service.TaskService      : [TaskService] 创建任务: id=4, node=task_large, assignee=null
2026-07-20T10:15:57.813+08:00  INFO 34340 --- [flow-engine] [           main] com.flow.engine.engine.FlowEngine        : [FlowEngine] 流程实例 4 等待在节点 task_large
]]></system-out>
  </testcase>
  <testcase name="testVariables" classname="com.flow.engine.engine.FlowEngineE2ETest" time="0.024">
    <system-out><![CDATA[2026-07-20T10:15:57.827+08:00  INFO 34340 --- [flow-engine] [           main] c.f.e.listener.DataModelProcessListener  : [DataModel] 流程启动事件: instanceId=5, processKey=e2e_simple
2026-07-20T10:15:57.830+08:00  INFO 34340 --- [flow-engine] [           main] com.flow.engine.engine.NodeExecutor      : [NodeExecutor] 执行节点: id=start, type=start, name=开始
2026-07-20T10:15:57.832+08:00  INFO 34340 --- [flow-engine] [           main] c.f.engine.node.impl.StartNodeHandler    : [StartNode] 流程实例 5 进入开始节点
2026-07-20T10:15:57.833+08:00  INFO 34340 --- [flow-engine] [           main] c.f.engine.node.impl.StartNodeHandler    : [StartNode] 流程实例 5 离开开始节点
2026-07-20T10:15:57.834+08:00  INFO 34340 --- [flow-engine] [           main] com.flow.engine.engine.NodeExecutor      : [NodeExecutor] 执行节点: id=task1, type=userTask, name=审批
2026-07-20T10:15:57.835+08:00  INFO 34340 --- [flow-engine] [           main] c.f.e.node.impl.UserTaskNodeHandler      : [UserTaskNodeHandler] userTask 节点进入: instanceId=5, nodeId=task1, assignee=null, candidates=null
2026-07-20T10:15:57.836+08:00  INFO 34340 --- [flow-engine] [           main] com.flow.engine.service.TaskService      : [TaskService] 创建任务: id=5, node=task1, assignee=null
2026-07-20T10:15:57.837+08:00  INFO 34340 --- [flow-engine] [           main] com.flow.engine.engine.FlowEngine        : [FlowEngine] 流程实例 5 等待在节点 task1
]]></system-out>
  </testcase>
</testsuite>