<?xml version="1.0" encoding="UTF-8"?>
<testsuite xmlns:xsi="http://www.w3.org/2001/XMLSchema-instance" xsi:noNamespaceSchemaLocation="https://maven.apache.org/surefire/maven-surefire-plugin/xsd/surefire-test-report-3.0.xsd" version="3.0" name="com.flow.engine.engine.UserTaskCreationTest" time="2.6" tests="3" errors="0" skipped="0" failures="0">
  <properties>
[...]
</properties>
  <testcase name="testAutoCreateTaskWithAssignee" classname="com.flow.engine.engine.UserTaskCreationTest" time="0.025">
    <system-out><![CDATA[2026-07-20T10:15:57.862+08:00  INFO 34340 --- [flow-engine] [           main] t.c.s.AnnotationConfigContextLoaderUtils : Could not detect default configuration classes for test class [com.flow.engine.engine.UserTaskCreationTest]: UserTaskCreationTest does not declare any static, non-private, non-final, nested classes annotated with @Configuration.
2026-07-20T10:15:57.866+08:00  INFO 34340 --- [flow-engine] [           main] .b.t.c.SpringBootTestContextBootstrapper : Found @SpringBootConfiguration com.flow.engine.FlowEngineApplication for test class com.flow.engine.engine.UserTaskCreationTest
2026-07-20T10:15:57.880+08:00  INFO 34340 --- [flow-engine] [           main] com.zaxxer.hikari.HikariDataSource       : HikariPool-5 - Shutdown initiated...
2026-07-20T10:15:57.884+08:00  INFO 34340 --- [flow-engine] [           main] com.zaxxer.hikari.HikariDataSource       : HikariPool-5 - Shutdown completed.

  .   ____          _            __ _ _
 /\\ / ___'_ __ _ _(_)_ __  __ _ \ \ \ \
( ( )\___ | '_ | '_| | '_ \/ _` | \ \ \ \
 \\/  ___)| |_)| | | | | || (_| |  ) ) ) )
  '  |____| .__|_| |_|_| |_\__, | / / / /
 =========|_|==============|___/=/_/_/_/
 :: Spring Boot ::                (v3.2.0)

2026-07-20T10:15:57.956+08:00  INFO 34340 --- [flow-engine] [           main] c.f.engine.engine.UserTaskCreationTest   : Starting UserTaskCreationTest using Java 17.0.12 with PID 34340 (started by wb_liming in D:\source_code\workflow\flow-engine)
2026-07-20T10:15:57.956+08:00  INFO 34340 --- [flow-engine] [           main] c.f.engine.engine.UserTaskCreationTest   : The following 1 profile is active: "test"
2026-07-20T10:15:58.762+08:00  INFO 34340 --- [flow-engine] [           main] com.zaxxer.hikari.HikariDataSource       : HikariPool-6 - Starting...
2026-07-20T10:15:58.763+08:00  INFO 34340 --- [flow-engine] [           main] com.zaxxer.hikari.pool.HikariPool        : HikariPool-6 - Added connection org.sqlite.jdbc4.JDBC4Connection@6c26a27e
2026-07-20T10:15:58.764+08:00  INFO 34340 --- [flow-engine] [           main] com.zaxxer.hikari.HikariDataSource       : HikariPool-6 - Start completed.
 _ _   |_  _ _|_. ___ _ |    _ 
| | |\/|_)(_| | |_\  |_)||_|_\ 
     /               |         
                        3.5.5 
2026-07-20T10:15:59.631+08:00  INFO 34340 --- [flow-engine] [           main] c.f.e.node.NodeHandlerAutoConfiguration  : [NodeHandler] 自动注册节点处理器: type=dummy, class=com.flow.engine.node.DummyNodeHandler
2026-07-20T10:15:59.631+08:00  INFO 34340 --- [flow-engine] [           main] c.f.e.node.NodeHandlerAutoConfiguration  : [NodeHandler] 自动注册节点处理器: type=customDemo, class=com.flow.engine.node.impl.CustomDemoNodeHandler
2026-07-20T10:15:59.631+08:00  INFO 34340 --- [flow-engine] [           main] c.f.e.node.NodeHandlerAutoConfiguration  : [NodeHandler] 自动注册节点处理器: type=end, class=com.flow.engine.node.impl.EndNodeHandler
2026-07-20T10:15:59.631+08:00  INFO 34340 --- [flow-engine] [           main] c.f.e.node.NodeHandlerAutoConfiguration  : [NodeHandler] 自动注册节点处理器: type=exclusiveGateway, class=com.flow.engine.node.impl.ExclusiveGatewayNodeHandler
2026-07-20T10:15:59.631+08:00  INFO 34340 --- [flow-engine] [           main] c.f.e.node.NodeHandlerAutoConfiguration  : [NodeHandler] 自动注册节点处理器: type=inclusiveGateway, class=com.flow.engine.node.impl.InclusiveGatewayNodeHandler
2026-07-20T10:15:59.631+08:00  INFO 34340 --- [flow-engine] [           main] c.f.e.node.NodeHandlerAutoConfiguration  : [NodeHandler] 自动注册节点处理器: type=parallelGateway, class=com.flow.engine.node.impl.ParallelGatewayNodeHandler
2026-07-20T10:15:59.631+08:00  INFO 34340 --- [flow-engine] [           main] c.f.e.node.NodeHandlerAutoConfiguration  : [NodeHandler] 自动注册节点处理器: type=scriptTask, class=com.flow.engine.node.impl.ScriptTaskNodeHandler
2026-07-20T10:15:59.631+08:00  INFO 34340 --- [flow-engine] [           main] c.f.e.node.NodeHandlerAutoConfiguration  : [NodeHandler] 自动注册节点处理器: type=serviceTask, class=com.flow.engine.node.impl.ServiceTaskNodeHandler
2026-07-20T10:15:59.631+08:00  INFO 34340 --- [flow-engine] [           main] c.f.e.node.NodeHandlerAutoConfiguration  : [NodeHandler] 自动注册节点处理器: type=start, class=com.flow.engine.node.impl.StartNodeHandler
2026-07-20T10:15:59.631+08:00  INFO 34340 --- [flow-engine] [           main] c.f.e.node.NodeHandlerAutoConfiguration  : [NodeHandler] 自动注册节点处理器: type=subProcess, class=com.flow.engine.node.impl.SubProcessNodeHandler
2026-07-20T10:15:59.631+08:00  INFO 34340 --- [flow-engine] [           main] c.f.e.node.NodeHandlerAutoConfiguration  : [NodeHandler] 自动注册节点处理器: type=userTask, class=com.flow.engine.node.impl.UserTaskNodeHandler
2026-07-20T10:16:00.249+08:00  INFO 34340 --- [flow-engine] [           main] o.s.b.a.e.web.EndpointLinksResolver      : Exposing 2 endpoint(s) beneath base path '/actuator'
2026-07-20T10:16:00.296+08:00  INFO 34340 --- [flow-engine] [           main] c.f.engine.engine.UserTaskCreationTest   : Started UserTaskCreationTest in 2.407 seconds (process running for 47.947)
2026-07-20T10:16:00.297+08:00  INFO 34340 --- [flow-engine] [           main] c.f.engine.config.DictDataInitializer    : [DictDataInitializer] 开始初始化系统内置字典数据...
2026-07-20T10:16:00.353+08:00  INFO 34340 --- [flow-engine] [           main] c.f.engine.config.DictDataInitializer    : [DictDataInitializer] 系统内置字典数据初始化完成
2026-07-20T10:16:00.353+08:00  INFO 34340 --- [flow-engine] [           main] c.f.e.config.TripleAdminInitializer      : [TripleAdminInitializer] 开始初始化三员账号...
2026-07-20T10:16:00.353+08:00  INFO 34340 --- [flow-engine] [           main] c.f.engine.service.TripleAdminService    : [TripleAdminService] 开始初始化三员账号...
2026-07-20T10:16:00.354+08:00  INFO 34340 --- [flow-engine] [           main] c.f.engine.service.TripleAdminService    : [TripleAdminService] 创建三员角色: 系统管理员
2026-07-20T10:16:00.357+08:00  INFO 34340 --- [flow-engine] [           main] c.f.engine.service.TripleAdminService    : [TripleAdminService] 创建三员角色: 安全管理员
2026-07-20T10:16:00.358+08:00  INFO 34340 --- [flow-engine] [           main] c.f.engine.service.TripleAdminService    : [TripleAdminService] 创建三员角色: 审计管理员
2026-07-20T10:16:00.361+08:00  INFO 34340 --- [flow-engine] [           main] c.f.engine.service.TripleAdminService    : [TripleAdminService] 创建三员账号: username=sys_admin, type=系统管理员
2026-07-20T10:16:00.363+08:00  INFO 34340 --- [flow-engine] [           main] c.f.engine.service.TripleAdminService    : [TripleAdminService] 创建三员账号: username=sec_admin, type=安全管理员
2026-07-20T10:16:00.365+08:00  INFO 34340 --- [flow-engine] [           main] c.f.engine.service.TripleAdminService    : [TripleAdminService] 创建三员账号: username=audit_admin, type=审计管理员
2026-07-20T10:16:00.366+08:00  INFO 34340 --- [flow-engine] [           main] c.f.engine.service.TripleAdminService    : [TripleAdminService] 三员账号初始化完成
2026-07-20T10:16:00.366+08:00  INFO 34340 --- [flow-engine] [           main] c.f.e.config.TripleAdminInitializer      : [TripleAdminInitializer] 三员账号初始化完成
2026-07-20T10:16:00.378+08:00  INFO 34340 --- [flow-engine] [           main] c.f.e.listener.DataModelProcessListener  : [DataModel] 流程启动事件: instanceId=1, processKey=auto_task_test
2026-07-20T10:16:00.381+08:00  INFO 34340 --- [flow-engine] [           main] com.flow.engine.engine.NodeExecutor      : [NodeExecutor] 执行节点: id=start, type=start, name=开始
2026-07-20T10:16:00.382+08:00  INFO 34340 --- [flow-engine] [           main] c.f.engine.node.impl.StartNodeHandler    : [StartNode] 流程实例 1 进入开始节点
2026-07-20T10:16:00.382+08:00  INFO 34340 --- [flow-engine] [           main] c.f.engine.node.impl.StartNodeHandler    : [StartNode] 流程实例 1 离开开始节点
2026-07-20T10:16:00.383+08:00  INFO 34340 --- [flow-engine] [           main] com.flow.engine.engine.NodeExecutor      : [NodeExecutor] 执行节点: id=task1, type=userTask, name=一级审批
2026-07-20T10:16:00.384+08:00  INFO 34340 --- [flow-engine] [           main] c.f.e.node.impl.UserTaskNodeHandler      : [UserTaskNodeHandler] userTask 节点进入: instanceId=1, nodeId=task1, assignee=autoUser1, candidates=null
2026-07-20T10:16:00.385+08:00  INFO 34340 --- [flow-engine] [           main] com.flow.engine.service.TaskService      : [TaskService] 创建任务: id=1, node=task1, assignee=autoUser1
2026-07-20T10:16:00.387+08:00  INFO 34340 --- [flow-engine] [           main] com.flow.engine.engine.FlowEngine        : [FlowEngine] 流程实例 1 等待在节点 task1
]]></system-out>
  </testcase>
  <testcase name="testAutoCreateSecondTask" classname="com.flow.engine.engine.UserTaskCreationTest" time="0.025">
    <system-out><![CDATA[2026-07-20T10:16:00.397+08:00  INFO 34340 --- [flow-engine] [           main] c.f.e.listener.DataModelProcessListener  : [DataModel] 流程启动事件: instanceId=2, processKey=auto_task_test
2026-07-20T10:16:00.399+08:00  INFO 34340 --- [flow-engine] [           main] com.flow.engine.engine.NodeExecutor      : [NodeExecutor] 执行节点: id=start, type=start, name=开始
2026-07-20T10:16:00.400+08:00  INFO 34340 --- [flow-engine] [           main] c.f.engine.node.impl.StartNodeHandler    : [StartNode] 流程实例 2 进入开始节点
2026-07-20T10:16:00.400+08:00  INFO 34340 --- [flow-engine] [           main] c.f.engine.node.impl.StartNodeHandler    : [StartNode] 流程实例 2 离开开始节点
2026-07-20T10:16:00.402+08:00  INFO 34340 --- [flow-engine] [           main] com.flow.engine.engine.NodeExecutor      : [NodeExecutor] 执行节点: id=task1, type=userTask, name=一级审批
2026-07-20T10:16:00.403+08:00  INFO 34340 --- [flow-engine] [           main] c.f.e.node.impl.UserTaskNodeHandler      : [UserTaskNodeHandler] userTask 节点进入: instanceId=2, nodeId=task1, assignee=autoUser1, candidates=null
2026-07-20T10:16:00.403+08:00  INFO 34340 --- [flow-engine] [           main] com.flow.engine.service.TaskService      : [TaskService] 创建任务: id=2, node=task1, assignee=autoUser1
2026-07-20T10:16:00.405+08:00  INFO 34340 --- [flow-engine] [           main] com.flow.engine.engine.FlowEngine        : [FlowEngine] 流程实例 2 等待在节点 task1
2026-07-20T10:16:00.411+08:00  INFO 34340 --- [flow-engine] [           main] com.flow.engine.engine.NodeExecutor      : [NodeExecutor] 执行节点: id=task2, type=userTask, name=二级审批
2026-07-20T10:16:00.412+08:00  INFO 34340 --- [flow-engine] [           main] c.f.e.node.impl.UserTaskNodeHandler      : [UserTaskNodeHandler] userTask 节点进入: instanceId=2, nodeId=task2, assignee=null, candidates=autoUser2,autoUser3
2026-07-20T10:16:00.412+08:00  INFO 34340 --- [flow-engine] [           main] com.flow.engine.service.TaskService      : [TaskService] 创建任务: id=3, node=task2, assignee=null
2026-07-20T10:16:00.413+08:00  INFO 34340 --- [flow-engine] [           main] com.flow.engine.engine.FlowEngine        : [FlowEngine] 流程实例 2 等待在节点 task2
2026-07-20T10:16:00.413+08:00  INFO 34340 --- [flow-engine] [           main] com.flow.engine.service.TaskService      : [TaskService] 任务 2 被 autoUser1 通过
]]></system-out>
  </testcase>
  <testcase name="testCompleteAllTasks" classname="com.flow.engine.engine.UserTaskCreationTest" time="0.035">
    <system-out><![CDATA[2026-07-20T10:16:00.428+08:00  INFO 34340 --- [flow-engine] [           main] c.f.e.listener.DataModelProcessListener  : [DataModel] 流程启动事件: instanceId=3, processKey=auto_task_test
2026-07-20T10:16:00.429+08:00  INFO 34340 --- [flow-engine] [           main] com.flow.engine.engine.NodeExecutor      : [NodeExecutor] 执行节点: id=start, type=start, name=开始
2026-07-20T10:16:00.430+08:00  INFO 34340 --- [flow-engine] [           main] c.f.engine.node.impl.StartNodeHandler    : [StartNode] 流程实例 3 进入开始节点
2026-07-20T10:16:00.430+08:00  INFO 34340 --- [flow-engine] [           main] c.f.engine.node.impl.StartNodeHandler    : [StartNode] 流程实例 3 离开开始节点
2026-07-20T10:16:00.432+08:00  INFO 34340 --- [flow-engine] [           main] com.flow.engine.engine.NodeExecutor      : [NodeExecutor] 执行节点: id=task1, type=userTask, name=一级审批
2026-07-20T10:16:00.433+08:00  INFO 34340 --- [flow-engine] [           main] c.f.e.node.impl.UserTaskNodeHandler      : [UserTaskNodeHandler] userTask 节点进入: instanceId=3, nodeId=task1, assignee=autoUser1, candidates=null
2026-07-20T10:16:00.434+08:00  INFO 34340 --- [flow-engine] [           main] com.flow.engine.service.TaskService      : [TaskService] 创建任务: id=4, node=task1, assignee=autoUser1
2026-07-20T10:16:00.436+08:00  INFO 34340 --- [flow-engine] [           main] com.flow.engine.engine.FlowEngine        : [FlowEngine] 流程实例 3 等待在节点 task1
2026-07-20T10:16:00.441+08:00  INFO 34340 --- [flow-engine] [           main] com.flow.engine.engine.NodeExecutor      : [NodeExecutor] 执行节点: id=task2, type=userTask, name=二级审批
2026-07-20T10:16:00.442+08:00  INFO 34340 --- [flow-engine] [           main] c.f.e.node.impl.UserTaskNodeHandler      : [UserTaskNodeHandler] userTask 节点进入: instanceId=3, nodeId=task2, assignee=null, candidates=autoUser2,autoUser3
2026-07-20T10:16:00.443+08:00  INFO 34340 --- [flow-engine] [           main] com.flow.engine.service.TaskService      : [TaskService] 创建任务: id=5, node=task2, assignee=null
2026-07-20T10:16:00.444+08:00  INFO 34340 --- [flow-engine] [           main] com.flow.engine.engine.FlowEngine        : [FlowEngine] 流程实例 3 等待在节点 task2
2026-07-20T10:16:00.444+08:00  INFO 34340 --- [flow-engine] [           main] com.flow.engine.service.TaskService      : [TaskService] 任务 4 被 autoUser1 通过
2026-07-20T10:16:00.450+08:00  INFO 34340 --- [flow-engine] [           main] com.flow.engine.service.TaskService      : [TaskService] 任务 5 被 autoUser2 签收
2026-07-20T10:16:00.453+08:00  INFO 34340 --- [flow-engine] [           main] com.flow.engine.engine.NodeExecutor      : [NodeExecutor] 执行节点: id=end, type=end, name=结束
2026-07-20T10:16:00.453+08:00  INFO 34340 --- [flow-engine] [           main] c.flow.engine.node.impl.EndNodeHandler   : [EndNode] 流程实例 3 进入结束节点
2026-07-20T10:16:00.453+08:00  INFO 34340 --- [flow-engine] [           main] c.flow.engine.node.impl.EndNodeHandler   : [EndNode] 流程实例 3 离开结束节点，流程完成
2026-07-20T10:16:00.454+08:00  INFO 34340 --- [flow-engine] [           main] c.f.e.listener.DataModelProcessListener  : [DataModel] 流程完成事件: instanceId=3, processKey=auto_task_test
2026-07-20T10:16:00.457+08:00  INFO 34340 --- [flow-engine] [           main] com.flow.engine.engine.FlowEngine        : [FlowEngine] 流程实例 3 已完成
2026-07-20T10:16:00.457+08:00  INFO 34340 --- [flow-engine] [           main] com.flow.engine.service.TaskService      : [TaskService] 任务 5 被 autoUser2 通过
]]></system-out>
  </testcase>
</testsuite>